0 info it worked if it ends with ok
1 verbose cli [ '/usr/bin/node',
1 verbose cli   '/usr/bin/npm',
1 verbose cli   'install',
1 verbose cli   '-g',
1 verbose cli   'mirror-config-china',
1 verbose cli   '--registry=http://registry.npm.taobao.org' ]
2 info using npm@3.5.2
3 info using node@v8.10.0
4 silly loadCurrentTree Starting
5 silly install loadCurrentTree
6 silly install readGlobalPackageData
7 silly fetchPackageMetaData mirror-config-china
8 silly fetchNamedPackageData mirror-config-china
9 silly mapToRegistry name mirror-config-china
10 silly mapToRegistry using default registry
11 silly mapToRegistry registry http://registry.npm.taobao.org/
12 silly mapToRegistry uri http://registry.npm.taobao.org/mirror-config-china
13 verbose request uri http://registry.npm.taobao.org/mirror-config-china
14 verbose request no auth needed
15 info attempt registry request try #1 at 2:46:19 PM
16 verbose request id 8deb249a58982d8e
17 verbose etag W/"ea24b6a3eb49239c5c8280c617a18ccb"
18 http request GET http://registry.npm.taobao.org/mirror-config-china
19 http 304 http://registry.npm.taobao.org/mirror-config-china
20 verbose headers { server: 'nginx/1.15.6',
20 verbose headers   date: 'Tue, 04 Dec 2018 09:16:20 GMT',
20 verbose headers   connection: 'keep-alive',
20 verbose headers   'x-current-requests': '1',
20 verbose headers   vary: 'Origin',
20 verbose headers   etag: 'W/"ea24b6a3eb49239c5c8280c617a18ccb"',
20 verbose headers   'x-readtime': '12',
20 verbose headers   via: 'npmtaobao9' }
21 silly get cb [ 304,
21 silly get   { server: 'nginx/1.15.6',
21 silly get     date: 'Tue, 04 Dec 2018 09:16:20 GMT',
21 silly get     connection: 'keep-alive',
21 silly get     'x-current-requests': '1',
21 silly get     vary: 'Origin',
21 silly get     etag: 'W/"ea24b6a3eb49239c5c8280c617a18ccb"',
21 silly get     'x-readtime': '12',
21 silly get     via: 'npmtaobao9' } ]
22 verbose etag http://registry.npm.taobao.org/mirror-config-china from cache
23 verbose get saving mirror-config-china to /home/anish/.npm/registry.npm.taobao.org/mirror-config-china/.cache.json
24 silly install normalizeTree
25 silly loadCurrentTree Finishing
26 silly loadIdealTree Starting
27 silly install loadIdealTree
28 silly cloneCurrentTree Starting
29 silly install cloneCurrentTreeToIdealTree
30 silly cloneCurrentTree Finishing
31 silly loadShrinkwrap Starting
32 silly install loadShrinkwrap
33 silly loadShrinkwrap Finishing
34 silly loadAllDepsIntoIdealTree Starting
35 silly install loadAllDepsIntoIdealTree
36 silly resolveWithNewModule mirror-config-china@2.5.1 checking installable status
37 silly cache add args [ 'mirror-config-china', null ]
38 verbose cache add spec mirror-config-china
39 silly cache add parsed spec Result {
39 silly cache add   raw: 'mirror-config-china',
39 silly cache add   scope: null,
39 silly cache add   name: 'mirror-config-china',
39 silly cache add   rawSpec: '',
39 silly cache add   spec: 'latest',
39 silly cache add   type: 'tag' }
40 silly addNamed mirror-config-china@latest
41 verbose addNamed "latest" is being treated as a dist-tag for mirror-config-china
42 info addNameTag [ 'mirror-config-china', 'latest' ]
43 silly mapToRegistry name mirror-config-china
44 silly mapToRegistry using default registry
45 silly mapToRegistry registry http://registry.npm.taobao.org/
46 silly mapToRegistry uri http://registry.npm.taobao.org/mirror-config-china
47 verbose addNameTag registry:http://registry.npm.taobao.org/mirror-config-china not in flight; fetching
48 verbose get http://registry.npm.taobao.org/mirror-config-china not expired, no request
49 silly addNameTag next cb for mirror-config-china with tag latest
50 silly addNamed mirror-config-china@2.5.1
51 verbose addNamed "2.5.1" is a plain semver version for mirror-config-china
52 silly cache afterAdd mirror-config-china@2.5.1
53 verbose afterAdd /home/anish/.npm/mirror-config-china/2.5.1/package/package.json not in flight; writing
54 verbose afterAdd /home/anish/.npm/mirror-config-china/2.5.1/package/package.json written
55 silly fetchNamedPackageData fs-extra
56 silly mapToRegistry name fs-extra
57 silly mapToRegistry using default registry
58 silly mapToRegistry registry http://registry.npm.taobao.org/
59 silly mapToRegistry uri http://registry.npm.taobao.org/fs-extra
60 verbose request uri http://registry.npm.taobao.org/fs-extra
61 verbose request no auth needed
62 info attempt registry request try #1 at 2:46:20 PM
63 verbose etag W/"1d1c0d2aa21411e7673a74a5a6978805"
64 http request GET http://registry.npm.taobao.org/fs-extra
65 http 304 http://registry.npm.taobao.org/fs-extra
66 verbose headers { server: 'nginx/1.15.6',
66 verbose headers   date: 'Tue, 04 Dec 2018 09:16:20 GMT',
66 verbose headers   connection: 'keep-alive',
66 verbose headers   'x-current-requests': '1',
66 verbose headers   vary: 'Origin',
66 verbose headers   etag: 'W/"1d1c0d2aa21411e7673a74a5a6978805"',
66 verbose headers   'x-readtime': '34',
66 verbose headers   via: 'npmtaobao9' }
67 silly get cb [ 304,
67 silly get   { server: 'nginx/1.15.6',
67 silly get     date: 'Tue, 04 Dec 2018 09:16:20 GMT',
67 silly get     connection: 'keep-alive',
67 silly get     'x-current-requests': '1',
67 silly get     vary: 'Origin',
67 silly get     etag: 'W/"1d1c0d2aa21411e7673a74a5a6978805"',
67 silly get     'x-readtime': '34',
67 silly get     via: 'npmtaobao9' } ]
68 verbose etag http://registry.npm.taobao.org/fs-extra from cache
69 verbose get saving fs-extra to /home/anish/.npm/registry.npm.taobao.org/fs-extra/.cache.json
70 silly resolveWithNewModule fs-extra@6.0.1 checking installable status
71 silly cache add args [ 'fs-extra@^6.0.1', null ]
72 verbose cache add spec fs-extra@^6.0.1
73 silly cache add parsed spec Result {
73 silly cache add   raw: 'fs-extra@^6.0.1',
73 silly cache add   scope: null,
73 silly cache add   name: 'fs-extra',
73 silly cache add   rawSpec: '^6.0.1',
73 silly cache add   spec: '>=6.0.1 <7.0.0',
73 silly cache add   type: 'range' }
74 silly addNamed fs-extra@>=6.0.1 <7.0.0
75 verbose addNamed ">=6.0.1 <7.0.0" is a valid semver range for fs-extra
76 silly addNameRange { name: 'fs-extra', range: '>=6.0.1 <7.0.0', hasData: false }
77 silly mapToRegistry name fs-extra
78 silly mapToRegistry using default registry
79 silly mapToRegistry registry http://registry.npm.taobao.org/
80 silly mapToRegistry uri http://registry.npm.taobao.org/fs-extra
81 verbose addNameRange registry:http://registry.npm.taobao.org/fs-extra not in flight; fetching
82 verbose get http://registry.npm.taobao.org/fs-extra not expired, no request
83 silly addNameRange number 2 { name: 'fs-extra', range: '>=6.0.1 <7.0.0', hasData: true }
84 silly addNameRange versions [ 'fs-extra',
84 silly addNameRange   [ '7.0.1',
84 silly addNameRange     '7.0.0',
84 silly addNameRange     '6.0.1',
84 silly addNameRange     '6.0.0',
84 silly addNameRange     '5.0.0',
84 silly addNameRange     '4.0.3',
84 silly addNameRange     '4.0.2',
84 silly addNameRange     '4.0.1',
84 silly addNameRange     '4.0.0',
84 silly addNameRange     '3.0.1',
84 silly addNameRange     '3.0.0',
84 silly addNameRange     '2.1.2',
84 silly addNameRange     '2.1.1',
84 silly addNameRange     '2.1.0',
84 silly addNameRange     '2.0.0',
84 silly addNameRange     '1.0.0',
84 silly addNameRange     '0.30.0',
84 silly addNameRange     '0.29.0',
84 silly addNameRange     '0.28.0',
84 silly addNameRange     '0.27.0',
84 silly addNameRange     '0.26.7',
84 silly addNameRange     '0.26.6',
84 silly addNameRange     '0.26.5',
84 silly addNameRange     '0.26.4',
84 silly addNameRange     '0.26.3',
84 silly addNameRange     '0.26.2',
84 silly addNameRange     '0.26.1',
84 silly addNameRange     '0.26.0',
84 silly addNameRange     '0.25.0',
84 silly addNameRange     '0.24.0',
84 silly addNameRange     '0.23.1',
84 silly addNameRange     '0.23.0',
84 silly addNameRange     '0.22.1',
84 silly addNameRange     '0.22.0',
84 silly addNameRange     '0.21.0',
84 silly addNameRange     '0.20.1',
84 silly addNameRange     '0.20.0',
84 silly addNameRange     '0.19.0',
84 silly addNameRange     '0.18.4',
84 silly addNameRange     '0.18.3',
84 silly addNameRange     '0.18.2',
84 silly addNameRange     '0.18.1',
84 silly addNameRange     '0.18.0',
84 silly addNameRange     '0.17.0',
84 silly addNameRange     '0.16.5',
84 silly addNameRange     '0.16.4',
84 silly addNameRange     '0.16.3',
84 silly addNameRange     '0.16.2',
84 silly addNameRange     '0.16.1',
84 silly addNameRange     '0.16.0',
84 silly addNameRange     '0.15.0',
84 silly addNameRange     '0.14.0',
84 silly addNameRange     '0.13.0',
84 silly addNameRange     '0.12.0',
84 silly addNameRange     '0.11.1',
84 silly addNameRange     '0.11.0',
84 silly addNameRange     '0.10.0',
84 silly addNameRange     '0.9.1',
84 silly addNameRange     '0.9.0',
84 silly addNameRange     '0.8.1',
84 silly addNameRange     '0.8.0',
84 silly addNameRange     '0.7.1',
84 silly addNameRange     '0.7.0',
84 silly addNameRange     '0.6.4',
84 silly addNameRange     '0.6.3',
84 silly addNameRange     '0.6.2',
84 silly addNameRange     '0.6.1',
84 silly addNameRange     '0.6.0',
84 silly addNameRange     '0.5.0',
84 silly addNameRange     '0.4.0',
84 silly addNameRange     '0.3.2',
84 silly addNameRange     '0.3.1',
84 silly addNameRange     '0.3.0',
84 silly addNameRange     '0.2.1',
84 silly addNameRange     '0.2.0',
84 silly addNameRange     '0.1.3',
84 silly addNameRange     '0.1.2',
84 silly addNameRange     '0.1.1',
84 silly addNameRange     '0.1.0',
84 silly addNameRange     '0.0.4',
84 silly addNameRange     '0.0.3',
84 silly addNameRange     '0.0.11',
84 silly addNameRange     '0.0.1' ] ]
85 silly addNamed fs-extra@6.0.1
86 verbose addNamed "6.0.1" is a plain semver version for fs-extra
87 silly cache afterAdd fs-extra@6.0.1
88 verbose afterAdd /home/anish/.npm/fs-extra/6.0.1/package/package.json not in flight; writing
89 verbose afterAdd /home/anish/.npm/fs-extra/6.0.1/package/package.json written
90 silly fetchNamedPackageData graceful-fs
91 silly mapToRegistry name graceful-fs
92 silly mapToRegistry using default registry
93 silly mapToRegistry registry http://registry.npm.taobao.org/
94 silly mapToRegistry uri http://registry.npm.taobao.org/graceful-fs
95 silly fetchNamedPackageData jsonfile
96 silly mapToRegistry name jsonfile
97 silly mapToRegistry using default registry
98 silly mapToRegistry registry http://registry.npm.taobao.org/
99 silly mapToRegistry uri http://registry.npm.taobao.org/jsonfile
100 silly fetchNamedPackageData universalify
101 silly mapToRegistry name universalify
102 silly mapToRegistry using default registry
103 silly mapToRegistry registry http://registry.npm.taobao.org/
104 silly mapToRegistry uri http://registry.npm.taobao.org/universalify
105 verbose request uri http://registry.npm.taobao.org/jsonfile
106 verbose request no auth needed
107 info attempt registry request try #1 at 2:46:21 PM
108 verbose etag W/"b6f23101af10e45947006cfbc72c37a1"
109 http request GET http://registry.npm.taobao.org/jsonfile
110 verbose request uri http://registry.npm.taobao.org/graceful-fs
111 verbose request no auth needed
112 info attempt registry request try #1 at 2:46:21 PM
113 verbose etag W/"c09ba0bcd5312210fe241e062b30170b"
114 http request GET http://registry.npm.taobao.org/graceful-fs
115 verbose request uri http://registry.npm.taobao.org/universalify
116 verbose request no auth needed
117 info attempt registry request try #1 at 2:46:21 PM
118 verbose etag W/"86c49a0629f09cdb329c0cf342f737a9"
119 http request GET http://registry.npm.taobao.org/universalify
120 http 304 http://registry.npm.taobao.org/jsonfile
121 verbose headers { server: 'nginx/1.15.6',
121 verbose headers   date: 'Tue, 04 Dec 2018 09:16:22 GMT',
121 verbose headers   connection: 'keep-alive',
121 verbose headers   'x-current-requests': '1',
121 verbose headers   vary: 'Origin',
121 verbose headers   etag: 'W/"b6f23101af10e45947006cfbc72c37a1"',
121 verbose headers   'x-readtime': '19',
121 verbose headers   via: 'npmtaobao9' }
122 silly get cb [ 304,
122 silly get   { server: 'nginx/1.15.6',
122 silly get     date: 'Tue, 04 Dec 2018 09:16:22 GMT',
122 silly get     connection: 'keep-alive',
122 silly get     'x-current-requests': '1',
122 silly get     vary: 'Origin',
122 silly get     etag: 'W/"b6f23101af10e45947006cfbc72c37a1"',
122 silly get     'x-readtime': '19',
122 silly get     via: 'npmtaobao9' } ]
123 verbose etag http://registry.npm.taobao.org/jsonfile from cache
124 verbose get saving jsonfile to /home/anish/.npm/registry.npm.taobao.org/jsonfile/.cache.json
125 silly resolveWithNewModule jsonfile@4.0.0 checking installable status
126 silly cache add args [ 'jsonfile@^4.0.0', null ]
127 verbose cache add spec jsonfile@^4.0.0
128 silly cache add parsed spec Result {
128 silly cache add   raw: 'jsonfile@^4.0.0',
128 silly cache add   scope: null,
128 silly cache add   name: 'jsonfile',
128 silly cache add   rawSpec: '^4.0.0',
128 silly cache add   spec: '>=4.0.0 <5.0.0',
128 silly cache add   type: 'range' }
129 silly addNamed jsonfile@>=4.0.0 <5.0.0
130 verbose addNamed ">=4.0.0 <5.0.0" is a valid semver range for jsonfile
131 silly addNameRange { name: 'jsonfile', range: '>=4.0.0 <5.0.0', hasData: false }
132 silly mapToRegistry name jsonfile
133 silly mapToRegistry using default registry
134 silly mapToRegistry registry http://registry.npm.taobao.org/
135 silly mapToRegistry uri http://registry.npm.taobao.org/jsonfile
136 verbose addNameRange registry:http://registry.npm.taobao.org/jsonfile not in flight; fetching
137 verbose get http://registry.npm.taobao.org/jsonfile not expired, no request
138 silly addNameRange number 2 { name: 'jsonfile', range: '>=4.0.0 <5.0.0', hasData: true }
139 silly addNameRange versions [ 'jsonfile',
139 silly addNameRange   [ '5.0.0',
139 silly addNameRange     '4.0.0',
139 silly addNameRange     '3.0.1',
139 silly addNameRange     '3.0.0',
139 silly addNameRange     '2.4.0',
139 silly addNameRange     '2.3.1',
139 silly addNameRange     '2.3.0',
139 silly addNameRange     '2.2.3',
139 silly addNameRange     '2.2.2',
139 silly addNameRange     '2.2.1',
139 silly addNameRange     '2.2.0',
139 silly addNameRange     '2.1.2',
139 silly addNameRange     '2.1.1',
139 silly addNameRange     '2.1.0',
139 silly addNameRange     '2.0.1',
139 silly addNameRange     '2.0.0',
139 silly addNameRange     '1.2.0',
139 silly addNameRange     '1.1.1',
139 silly addNameRange     '1.1.0',
139 silly addNameRange     '1.0.1',
139 silly addNameRange     '1.0.0',
139 silly addNameRange     '0.0.1' ] ]
140 silly addNamed jsonfile@4.0.0
141 verbose addNamed "4.0.0" is a plain semver version for jsonfile
142 silly cache afterAdd jsonfile@4.0.0
143 verbose afterAdd /home/anish/.npm/jsonfile/4.0.0/package/package.json not in flight; writing
144 verbose afterAdd /home/anish/.npm/jsonfile/4.0.0/package/package.json written
145 http 304 http://registry.npm.taobao.org/universalify
146 verbose headers { server: 'nginx/1.15.6',
146 verbose headers   date: 'Tue, 04 Dec 2018 09:16:22 GMT',
146 verbose headers   connection: 'keep-alive',
146 verbose headers   'x-current-requests': '1',
146 verbose headers   vary: 'Origin',
146 verbose headers   etag: 'W/"86c49a0629f09cdb329c0cf342f737a9"',
146 verbose headers   'x-readtime': '13',
146 verbose headers   via: 'npmtaobao9' }
147 silly get cb [ 304,
147 silly get   { server: 'nginx/1.15.6',
147 silly get     date: 'Tue, 04 Dec 2018 09:16:22 GMT',
147 silly get     connection: 'keep-alive',
147 silly get     'x-current-requests': '1',
147 silly get     vary: 'Origin',
147 silly get     etag: 'W/"86c49a0629f09cdb329c0cf342f737a9"',
147 silly get     'x-readtime': '13',
147 silly get     via: 'npmtaobao9' } ]
148 verbose etag http://registry.npm.taobao.org/universalify from cache
149 verbose get saving universalify to /home/anish/.npm/registry.npm.taobao.org/universalify/.cache.json
150 silly resolveWithNewModule universalify@0.1.2 checking installable status
151 silly cache add args [ 'universalify@^0.1.0', null ]
152 verbose cache add spec universalify@^0.1.0
153 silly cache add parsed spec Result {
153 silly cache add   raw: 'universalify@^0.1.0',
153 silly cache add   scope: null,
153 silly cache add   name: 'universalify',
153 silly cache add   rawSpec: '^0.1.0',
153 silly cache add   spec: '>=0.1.0 <0.2.0',
153 silly cache add   type: 'range' }
154 silly addNamed universalify@>=0.1.0 <0.2.0
155 verbose addNamed ">=0.1.0 <0.2.0" is a valid semver range for universalify
156 silly addNameRange { name: 'universalify', range: '>=0.1.0 <0.2.0', hasData: false }
157 silly mapToRegistry name universalify
158 silly mapToRegistry using default registry
159 silly mapToRegistry registry http://registry.npm.taobao.org/
160 silly mapToRegistry uri http://registry.npm.taobao.org/universalify
161 verbose addNameRange registry:http://registry.npm.taobao.org/universalify not in flight; fetching
162 verbose get http://registry.npm.taobao.org/universalify not expired, no request
163 silly addNameRange number 2 { name: 'universalify', range: '>=0.1.0 <0.2.0', hasData: true }
164 silly addNameRange versions [ 'universalify', [ '0.1.2', '0.1.1', '0.1.0', '0.0.1' ] ]
165 silly addNamed universalify@0.1.2
166 verbose addNamed "0.1.2" is a plain semver version for universalify
167 silly cache afterAdd universalify@0.1.2
168 verbose afterAdd /home/anish/.npm/universalify/0.1.2/package/package.json not in flight; writing
169 verbose afterAdd /home/anish/.npm/universalify/0.1.2/package/package.json written
170 http 304 http://registry.npm.taobao.org/graceful-fs
171 verbose headers { server: 'nginx/1.15.6',
171 verbose headers   date: 'Tue, 04 Dec 2018 09:16:23 GMT',
171 verbose headers   connection: 'keep-alive',
171 verbose headers   'x-current-requests': '1',
171 verbose headers   vary: 'Origin',
171 verbose headers   etag: 'W/"c09ba0bcd5312210fe241e062b30170b"',
171 verbose headers   'x-readtime': '22',
171 verbose headers   via: 'npmtaobao22' }
172 silly get cb [ 304,
172 silly get   { server: 'nginx/1.15.6',
172 silly get     date: 'Tue, 04 Dec 2018 09:16:23 GMT',
172 silly get     connection: 'keep-alive',
172 silly get     'x-current-requests': '1',
172 silly get     vary: 'Origin',
172 silly get     etag: 'W/"c09ba0bcd5312210fe241e062b30170b"',
172 silly get     'x-readtime': '22',
172 silly get     via: 'npmtaobao22' } ]
173 verbose etag http://registry.npm.taobao.org/graceful-fs from cache
174 verbose get saving graceful-fs to /home/anish/.npm/registry.npm.taobao.org/graceful-fs/.cache.json
175 silly resolveWithNewModule graceful-fs@4.1.15 checking installable status
176 silly cache add args [ 'graceful-fs@^4.1.2', null ]
177 verbose cache add spec graceful-fs@^4.1.2
178 silly cache add parsed spec Result {
178 silly cache add   raw: 'graceful-fs@^4.1.2',
178 silly cache add   scope: null,
178 silly cache add   name: 'graceful-fs',
178 silly cache add   rawSpec: '^4.1.2',
178 silly cache add   spec: '>=4.1.2 <5.0.0',
178 silly cache add   type: 'range' }
179 silly addNamed graceful-fs@>=4.1.2 <5.0.0
180 verbose addNamed ">=4.1.2 <5.0.0" is a valid semver range for graceful-fs
181 silly addNameRange { name: 'graceful-fs', range: '>=4.1.2 <5.0.0', hasData: false }
182 silly mapToRegistry name graceful-fs
183 silly mapToRegistry using default registry
184 silly mapToRegistry registry http://registry.npm.taobao.org/
185 silly mapToRegistry uri http://registry.npm.taobao.org/graceful-fs
186 verbose addNameRange registry:http://registry.npm.taobao.org/graceful-fs not in flight; fetching
187 verbose get http://registry.npm.taobao.org/graceful-fs not expired, no request
188 silly addNameRange number 2 { name: 'graceful-fs', range: '>=4.1.2 <5.0.0', hasData: true }
189 silly addNameRange versions [ 'graceful-fs',
189 silly addNameRange   [ '4.1.15',
189 silly addNameRange     '4.1.14',
189 silly addNameRange     '4.1.13',
189 silly addNameRange     '4.1.12',
189 silly addNameRange     '4.1.11',
189 silly addNameRange     '4.1.10',
189 silly addNameRange     '4.1.9',
189 silly addNameRange     '4.1.8',
189 silly addNameRange     '4.1.7',
189 silly addNameRange     '3.0.11',
189 silly addNameRange     '3.0.10',
189 silly addNameRange     '4.1.6',
189 silly addNameRange     '3.0.9',
189 silly addNameRange     '4.1.5',
189 silly addNameRange     '4.1.4',
189 silly addNameRange     '4.1.3',
189 silly addNameRange     '4.1.2',
189 silly addNameRange     '4.1.1',
189 silly addNameRange     '4.1.0',
189 silly addNameRange     '3.0.8',
189 silly addNameRange     '3.0.7',
189 silly addNameRange     '3.0.6',
189 silly addNameRange     '3.0.5',
189 silly addNameRange     '3.0.4',
189 silly addNameRange     '3.0.3',
189 silly addNameRange     '3.0.2',
189 silly addNameRange     '3.0.1',
189 silly addNameRange     '3.0.0',
189 silly addNameRange     '2.0.3',
189 silly addNameRange     '2.0.2',
189 silly addNameRange     '2.0.1',
189 silly addNameRange     '2.0.0',
189 silly addNameRange     '1.2.3',
189 silly addNameRange     '1.2.2',
189 silly addNameRange     '1.2.1',
189 silly addNameRange     '1.2.0',
189 silly addNameRange     '1.1.14',
189 silly addNameRange     '1.1.13',
189 silly addNameRange     '1.1.12',
189 silly addNameRange     '1.1.11',
189 silly addNameRange     '1.1.10',
189 silly addNameRange     '1.1.9',
189 silly addNameRange     '1.1.8',
189 silly addNameRange     '1.1.7',
189 silly addNameRange     '1.1.6',
189 silly addNameRange     '1.1.5',
189 silly addNameRange     '1.1.4',
189 silly addNameRange     '1.1.3',
189 silly addNameRange     '1.1.2',
189 silly addNameRange     '1.1.1',
189 silly addNameRange     '1.1.0',
189 silly addNameRange     '1.0.2',
189 silly addNameRange     '1.0.1',
189 silly addNameRange     '1.0.0' ] ]
190 silly addNamed graceful-fs@4.1.15
191 verbose addNamed "4.1.15" is a plain semver version for graceful-fs
192 silly cache afterAdd graceful-fs@4.1.15
193 verbose afterAdd /home/anish/.npm/graceful-fs/4.1.15/package/package.json not in flight; writing
194 verbose afterAdd /home/anish/.npm/graceful-fs/4.1.15/package/package.json written
195 silly loadAllDepsIntoIdealTree Finishing
196 silly idealTree:prePrune lib
196 silly idealTree:prePrune `-- mirror-config-china@2.5.1
196 silly idealTree:prePrune   +-- fs-extra@6.0.1
196 silly idealTree:prePrune   +-- graceful-fs@4.1.15
196 silly idealTree:prePrune   +-- jsonfile@4.0.0
196 silly idealTree:prePrune   `-- universalify@0.1.2
197 silly loadIdealTree Finishing
198 silly currentTree lib
199 silly idealTree lib
199 silly idealTree `-- mirror-config-china@2.5.1
199 silly idealTree   +-- fs-extra@6.0.1
199 silly idealTree   +-- graceful-fs@4.1.15
199 silly idealTree   +-- jsonfile@4.0.0
199 silly idealTree   `-- universalify@0.1.2
200 silly generateActionsToTake Starting
201 silly install generateActionsToTake
202 silly generateActionsToTake Finishing
203 silly diffTrees action count 5
204 silly diffTrees add graceful-fs@4.1.15
205 silly diffTrees add jsonfile@4.0.0
206 silly diffTrees add universalify@0.1.2
207 silly diffTrees add fs-extra@6.0.1
208 silly diffTrees add mirror-config-china@2.5.1
209 silly decomposeActions action count 40
210 silly decomposeActions fetch graceful-fs@4.1.15
211 silly decomposeActions extract graceful-fs@4.1.15
212 silly decomposeActions test graceful-fs@4.1.15
213 silly decomposeActions preinstall graceful-fs@4.1.15
214 silly decomposeActions build graceful-fs@4.1.15
215 silly decomposeActions install graceful-fs@4.1.15
216 silly decomposeActions postinstall graceful-fs@4.1.15
217 silly decomposeActions finalize graceful-fs@4.1.15
218 silly decomposeActions fetch jsonfile@4.0.0
219 silly decomposeActions extract jsonfile@4.0.0
220 silly decomposeActions test jsonfile@4.0.0
221 silly decomposeActions preinstall jsonfile@4.0.0
222 silly decomposeActions build jsonfile@4.0.0
223 silly decomposeActions install jsonfile@4.0.0
224 silly decomposeActions postinstall jsonfile@4.0.0
225 silly decomposeActions finalize jsonfile@4.0.0
226 silly decomposeActions fetch universalify@0.1.2
227 silly decomposeActions extract universalify@0.1.2
228 silly decomposeActions test universalify@0.1.2
229 silly decomposeActions preinstall universalify@0.1.2
230 silly decomposeActions build universalify@0.1.2
231 silly decomposeActions install universalify@0.1.2
232 silly decomposeActions postinstall universalify@0.1.2
233 silly decomposeActions finalize universalify@0.1.2
234 silly decomposeActions fetch fs-extra@6.0.1
235 silly decomposeActions extract fs-extra@6.0.1
236 silly decomposeActions test fs-extra@6.0.1
237 silly decomposeActions preinstall fs-extra@6.0.1
238 silly decomposeActions build fs-extra@6.0.1
239 silly decomposeActions install fs-extra@6.0.1
240 silly decomposeActions postinstall fs-extra@6.0.1
241 silly decomposeActions finalize fs-extra@6.0.1
242 silly decomposeActions fetch mirror-config-china@2.5.1
243 silly decomposeActions extract mirror-config-china@2.5.1
244 silly decomposeActions test mirror-config-china@2.5.1
245 silly decomposeActions preinstall mirror-config-china@2.5.1
246 silly decomposeActions build mirror-config-china@2.5.1
247 silly decomposeActions install mirror-config-china@2.5.1
248 silly decomposeActions postinstall mirror-config-china@2.5.1
249 silly decomposeActions finalize mirror-config-china@2.5.1
250 silly executeActions Starting
251 silly install executeActions
252 silly doSerial global-install 0
253 silly doParallel fetch 5
254 verbose lock using /home/anish/.npm/_locks/staging-3a08f0df5026584d.lock for /usr/local/lib/node_modules/.staging
255 silly doParallel extract 5
256 silly extract graceful-fs@4.1.15
257 silly extract jsonfile@4.0.0
258 silly extract universalify@0.1.2
259 silly extract fs-extra@6.0.1
260 silly extract mirror-config-china@2.5.1
261 verbose unbuild lib/node_modules/.staging/graceful-fs-03ff037c
262 verbose unbuild lib/node_modules/.staging/jsonfile-f76ee657
263 verbose unbuild lib/node_modules/.staging/universalify-4bb52e80
264 verbose unbuild lib/node_modules/.staging/fs-extra-f0135aaf
265 verbose unbuild lib/node_modules/.staging/mirror-config-china-8672ed56
266 silly gentlyRm /usr/local/lib/node_modules/.staging/graceful-fs-03ff037c is being purged from base /usr/local
267 verbose gentlyRm don't care about contents; nuking /usr/local/lib/node_modules/.staging/graceful-fs-03ff037c
268 silly gentlyRm /usr/local/lib/node_modules/.staging/jsonfile-f76ee657 is being purged from base /usr/local
269 verbose gentlyRm don't care about contents; nuking /usr/local/lib/node_modules/.staging/jsonfile-f76ee657
270 silly gentlyRm /usr/local/lib/node_modules/.staging/universalify-4bb52e80 is being purged from base /usr/local
271 verbose gentlyRm don't care about contents; nuking /usr/local/lib/node_modules/.staging/universalify-4bb52e80
272 silly gentlyRm /usr/local/lib/node_modules/.staging/fs-extra-f0135aaf is being purged from base /usr/local
273 verbose gentlyRm don't care about contents; nuking /usr/local/lib/node_modules/.staging/fs-extra-f0135aaf
274 verbose tar unpack /home/anish/.npm/graceful-fs/4.1.15/package.tgz
275 verbose tar unpacking to /usr/local/lib/node_modules/.staging/graceful-fs-03ff037c
276 silly gentlyRm /usr/local/lib/node_modules/.staging/graceful-fs-03ff037c is being purged
277 verbose gentlyRm don't care about contents; nuking /usr/local/lib/node_modules/.staging/graceful-fs-03ff037c
278 verbose tar unpack /home/anish/.npm/jsonfile/4.0.0/package.tgz
279 verbose tar unpacking to /usr/local/lib/node_modules/.staging/jsonfile-f76ee657
280 silly gentlyRm /usr/local/lib/node_modules/.staging/jsonfile-f76ee657 is being purged
281 verbose gentlyRm don't care about contents; nuking /usr/local/lib/node_modules/.staging/jsonfile-f76ee657
282 verbose tar unpack /home/anish/.npm/universalify/0.1.2/package.tgz
283 verbose tar unpacking to /usr/local/lib/node_modules/.staging/universalify-4bb52e80
284 silly gentlyRm /usr/local/lib/node_modules/.staging/universalify-4bb52e80 is being purged
285 verbose gentlyRm don't care about contents; nuking /usr/local/lib/node_modules/.staging/universalify-4bb52e80
286 verbose tar unpack /home/anish/.npm/fs-extra/6.0.1/package.tgz
287 verbose tar unpacking to /usr/local/lib/node_modules/.staging/fs-extra-f0135aaf
288 silly gentlyRm /usr/local/lib/node_modules/.staging/fs-extra-f0135aaf is being purged
289 verbose gentlyRm don't care about contents; nuking /usr/local/lib/node_modules/.staging/fs-extra-f0135aaf
290 silly gentlyRm /usr/local/lib/node_modules/.staging/mirror-config-china-8672ed56 is being purged from base /usr/local
291 verbose gentlyRm don't care about contents; nuking /usr/local/lib/node_modules/.staging/mirror-config-china-8672ed56
292 silly gunzTarPerm modes [ '755', '644' ]
293 silly gunzTarPerm modes [ '755', '644' ]
294 silly gunzTarPerm modes [ '755', '644' ]
295 silly gunzTarPerm modes [ '755', '644' ]
296 verbose tar unpack /home/anish/.npm/mirror-config-china/2.5.1/package.tgz
297 verbose tar unpacking to /usr/local/lib/node_modules/.staging/mirror-config-china-8672ed56
298 silly gentlyRm /usr/local/lib/node_modules/.staging/mirror-config-china-8672ed56 is being purged
299 verbose gentlyRm don't care about contents; nuking /usr/local/lib/node_modules/.staging/mirror-config-china-8672ed56
300 silly gunzTarPerm modes [ '755', '644' ]
301 silly gunzTarPerm extractEntry package.json
302 silly gunzTarPerm extractEntry package.json
303 silly gunzTarPerm modified mode [ 'package.json', 436, 420 ]
304 silly gunzTarPerm extractEntry package.json
305 silly gunzTarPerm modified mode [ 'package.json', 436, 420 ]
306 silly gunzTarPerm extractEntry package.json
307 silly gunzTarPerm modified mode [ 'package.json', 436, 420 ]
308 silly gunzTarPerm extractEntry package.json
309 silly gunzTarPerm modified mode [ 'package.json', 438, 420 ]
310 silly gunzTarPerm extractEntry clone.js
311 silly gunzTarPerm extractEntry graceful-fs.js
312 silly gunzTarPerm extractEntry README.md
313 silly gunzTarPerm modified mode [ 'README.md', 436, 420 ]
314 silly gunzTarPerm extractEntry LICENSE
315 silly gunzTarPerm modified mode [ 'LICENSE', 436, 420 ]
316 silly gunzTarPerm extractEntry index.js
317 silly gunzTarPerm modified mode [ 'index.js', 436, 420 ]
318 silly gunzTarPerm extractEntry LICENSE
319 silly gunzTarPerm modified mode [ 'LICENSE', 436, 420 ]
320 silly gunzTarPerm extractEntry CHANGELOG.md
321 silly gunzTarPerm modified mode [ 'CHANGELOG.md', 436, 420 ]
322 silly gunzTarPerm extractEntry LICENSE
323 silly gunzTarPerm modified mode [ 'LICENSE', 436, 420 ]
324 silly gunzTarPerm extractEntry index.js
325 silly gunzTarPerm modified mode [ 'index.js', 438, 420 ]
326 silly gunzTarPerm extractEntry LICENSE
327 silly gunzTarPerm modified mode [ 'LICENSE', 438, 420 ]
328 silly gunzTarPerm extractEntry legacy-streams.js
329 silly gunzTarPerm extractEntry LICENSE
330 silly gunzTarPerm extractEntry index.js
331 silly gunzTarPerm modified mode [ 'index.js', 436, 420 ]
332 silly gunzTarPerm extractEntry CHANGELOG.md
333 silly gunzTarPerm modified mode [ 'CHANGELOG.md', 436, 420 ]
334 silly gunzTarPerm extractEntry README.md
335 silly gunzTarPerm modified mode [ 'README.md', 436, 420 ]
336 silly gunzTarPerm extractEntry README.md
337 silly gunzTarPerm modified mode [ 'README.md', 436, 420 ]
338 silly gunzTarPerm extractEntry docs/copy-sync.md
339 silly gunzTarPerm modified mode [ 'docs/copy-sync.md', 436, 420 ]
340 silly gunzTarPerm extractEntry docs/copy.md
341 silly gunzTarPerm modified mode [ 'docs/copy.md', 436, 420 ]
342 silly gunzTarPerm extractEntry README.md
343 silly gunzTarPerm modified mode [ 'README.md', 438, 420 ]
344 silly gunzTarPerm extractEntry lib/cli.js
345 silly gunzTarPerm modified mode [ 'lib/cli.js', 438, 420 ]
346 silly gunzTarPerm extractEntry docs/emptyDir-sync.md
347 silly gunzTarPerm modified mode [ 'docs/emptyDir-sync.md', 436, 420 ]
348 silly gunzTarPerm extractEntry docs/emptyDir.md
349 silly gunzTarPerm modified mode [ 'docs/emptyDir.md', 436, 420 ]
350 silly gunzTarPerm extractEntry docs/ensureDir-sync.md
351 silly gunzTarPerm modified mode [ 'docs/ensureDir-sync.md', 436, 420 ]
352 silly gunzTarPerm extractEntry polyfills.js
353 silly gunzTarPerm extractEntry README.md
354 silly gunzTarPerm extractEntry lib/config.js
355 silly gunzTarPerm modified mode [ 'lib/config.js', 438, 420 ]
356 silly gunzTarPerm extractEntry lib/env.js
357 silly gunzTarPerm modified mode [ 'lib/env.js', 438, 420 ]
358 silly gunzTarPerm extractEntry docs/ensureDir.md
359 silly gunzTarPerm modified mode [ 'docs/ensureDir.md', 436, 420 ]
360 silly gunzTarPerm extractEntry docs/ensureFile-sync.md
361 silly gunzTarPerm modified mode [ 'docs/ensureFile-sync.md', 436, 420 ]
362 silly gunzTarPerm extractEntry lib/install.js
363 silly gunzTarPerm modified mode [ 'lib/install.js', 438, 420 ]
364 silly gunzTarPerm extractEntry lib/npmrc.js
365 silly gunzTarPerm modified mode [ 'lib/npmrc.js', 438, 420 ]
366 silly gunzTarPerm extractEntry docs/ensureFile.md
367 silly gunzTarPerm modified mode [ 'docs/ensureFile.md', 436, 420 ]
368 silly gunzTarPerm extractEntry docs/ensureLink-sync.md
369 silly gunzTarPerm modified mode [ 'docs/ensureLink-sync.md', 436, 420 ]
370 silly gunzTarPerm extractEntry docs/ensureLink.md
371 silly gunzTarPerm modified mode [ 'docs/ensureLink.md', 436, 420 ]
372 silly gunzTarPerm extractEntry docs/ensureSymlink-sync.md
373 silly gunzTarPerm modified mode [ 'docs/ensureSymlink-sync.md', 436, 420 ]
374 silly gentlyRm /usr/local/lib/node_modules/.staging/universalify-4bb52e80/node_modules is being purged
375 verbose gentlyRm don't care about contents; nuking /usr/local/lib/node_modules/.staging/universalify-4bb52e80/node_modules
376 silly gunzTarPerm extractEntry docs/ensureSymlink.md
377 silly gunzTarPerm modified mode [ 'docs/ensureSymlink.md', 436, 420 ]
378 silly gunzTarPerm extractEntry docs/fs-read-write.md
379 silly gunzTarPerm modified mode [ 'docs/fs-read-write.md', 436, 420 ]
380 silly gentlyRm /usr/local/lib/node_modules/.staging/jsonfile-f76ee657/node_modules is being purged
381 verbose gentlyRm don't care about contents; nuking /usr/local/lib/node_modules/.staging/jsonfile-f76ee657/node_modules
382 silly gunzTarPerm extractEntry docs/move-sync.md
383 silly gunzTarPerm modified mode [ 'docs/move-sync.md', 436, 420 ]
384 silly gunzTarPerm extractEntry docs/move.md
385 silly gunzTarPerm modified mode [ 'docs/move.md', 436, 420 ]
386 silly gunzTarPerm extractEntry docs/outputFile-sync.md
387 silly gunzTarPerm modified mode [ 'docs/outputFile-sync.md', 436, 420 ]
388 silly gunzTarPerm extractEntry docs/outputFile.md
389 silly gunzTarPerm modified mode [ 'docs/outputFile.md', 436, 420 ]
390 silly gentlyRm /usr/local/lib/node_modules/.staging/graceful-fs-03ff037c/node_modules is being purged
391 verbose gentlyRm don't care about contents; nuking /usr/local/lib/node_modules/.staging/graceful-fs-03ff037c/node_modules
392 silly gunzTarPerm extractEntry docs/outputJson-sync.md
393 silly gunzTarPerm modified mode [ 'docs/outputJson-sync.md', 436, 420 ]
394 silly gunzTarPerm extractEntry docs/outputJson.md
395 silly gunzTarPerm modified mode [ 'docs/outputJson.md', 436, 420 ]
396 silly gunzTarPerm extractEntry docs/pathExists-sync.md
397 silly gunzTarPerm modified mode [ 'docs/pathExists-sync.md', 436, 420 ]
398 silly gunzTarPerm extractEntry docs/pathExists.md
399 silly gunzTarPerm modified mode [ 'docs/pathExists.md', 436, 420 ]
400 silly gentlyRm /usr/local/lib/node_modules/.staging/mirror-config-china-8672ed56/node_modules is being purged
401 verbose gentlyRm don't care about contents; nuking /usr/local/lib/node_modules/.staging/mirror-config-china-8672ed56/node_modules
402 silly gunzTarPerm extractEntry docs/readJson-sync.md
403 silly gunzTarPerm modified mode [ 'docs/readJson-sync.md', 436, 420 ]
404 silly gunzTarPerm extractEntry docs/readJson.md
405 silly gunzTarPerm modified mode [ 'docs/readJson.md', 436, 420 ]
406 silly gunzTarPerm extractEntry docs/remove-sync.md
407 silly gunzTarPerm modified mode [ 'docs/remove-sync.md', 436, 420 ]
408 silly gunzTarPerm extractEntry docs/remove.md
409 silly gunzTarPerm modified mode [ 'docs/remove.md', 436, 420 ]
410 silly gunzTarPerm extractEntry docs/writeJson-sync.md
411 silly gunzTarPerm modified mode [ 'docs/writeJson-sync.md', 436, 420 ]
412 silly gunzTarPerm extractEntry docs/writeJson.md
413 silly gunzTarPerm modified mode [ 'docs/writeJson.md', 436, 420 ]
414 silly gunzTarPerm extractEntry lib/copy-sync/copy-sync.js
415 silly gunzTarPerm modified mode [ 'lib/copy-sync/copy-sync.js', 436, 420 ]
416 silly gunzTarPerm extractEntry lib/copy-sync/index.js
417 silly gunzTarPerm modified mode [ 'lib/copy-sync/index.js', 436, 420 ]
418 silly gunzTarPerm extractEntry lib/copy/copy.js
419 silly gunzTarPerm modified mode [ 'lib/copy/copy.js', 436, 420 ]
420 silly gunzTarPerm extractEntry lib/copy/index.js
421 silly gunzTarPerm modified mode [ 'lib/copy/index.js', 436, 420 ]
422 silly gunzTarPerm extractEntry lib/empty/index.js
423 silly gunzTarPerm modified mode [ 'lib/empty/index.js', 436, 420 ]
424 silly gunzTarPerm extractEntry lib/ensure/file.js
425 silly gunzTarPerm modified mode [ 'lib/ensure/file.js', 436, 420 ]
426 silly gunzTarPerm extractEntry lib/ensure/index.js
427 silly gunzTarPerm modified mode [ 'lib/ensure/index.js', 436, 420 ]
428 silly gunzTarPerm extractEntry lib/ensure/link.js
429 silly gunzTarPerm modified mode [ 'lib/ensure/link.js', 436, 420 ]
430 silly gunzTarPerm extractEntry lib/ensure/symlink-paths.js
431 silly gunzTarPerm modified mode [ 'lib/ensure/symlink-paths.js', 436, 420 ]
432 silly gunzTarPerm extractEntry lib/ensure/symlink-type.js
433 silly gunzTarPerm modified mode [ 'lib/ensure/symlink-type.js', 436, 420 ]
434 silly gunzTarPerm extractEntry lib/ensure/symlink.js
435 silly gunzTarPerm modified mode [ 'lib/ensure/symlink.js', 436, 420 ]
436 silly gunzTarPerm extractEntry lib/fs/index.js
437 silly gunzTarPerm modified mode [ 'lib/fs/index.js', 436, 420 ]
438 silly gunzTarPerm extractEntry lib/index.js
439 silly gunzTarPerm modified mode [ 'lib/index.js', 436, 420 ]
440 silly gunzTarPerm extractEntry lib/json/index.js
441 silly gunzTarPerm modified mode [ 'lib/json/index.js', 436, 420 ]
442 silly gunzTarPerm extractEntry lib/json/jsonfile.js
443 silly gunzTarPerm modified mode [ 'lib/json/jsonfile.js', 436, 420 ]
444 silly gunzTarPerm extractEntry lib/json/output-json-sync.js
445 silly gunzTarPerm modified mode [ 'lib/json/output-json-sync.js', 436, 420 ]
446 silly gunzTarPerm extractEntry lib/json/output-json.js
447 silly gunzTarPerm modified mode [ 'lib/json/output-json.js', 436, 420 ]
448 silly gunzTarPerm extractEntry lib/mkdirs/index.js
449 silly gunzTarPerm modified mode [ 'lib/mkdirs/index.js', 436, 420 ]
450 silly gunzTarPerm extractEntry lib/mkdirs/mkdirs-sync.js
451 silly gunzTarPerm modified mode [ 'lib/mkdirs/mkdirs-sync.js', 436, 420 ]
452 silly gunzTarPerm extractEntry lib/mkdirs/mkdirs.js
453 silly gunzTarPerm modified mode [ 'lib/mkdirs/mkdirs.js', 436, 420 ]
454 silly gunzTarPerm extractEntry lib/mkdirs/win32.js
455 silly gunzTarPerm modified mode [ 'lib/mkdirs/win32.js', 436, 420 ]
456 silly gunzTarPerm extractEntry lib/move-sync/index.js
457 silly gunzTarPerm modified mode [ 'lib/move-sync/index.js', 436, 420 ]
458 silly gunzTarPerm extractEntry lib/move/index.js
459 silly gunzTarPerm modified mode [ 'lib/move/index.js', 436, 420 ]
460 silly gunzTarPerm extractEntry lib/output/index.js
461 silly gunzTarPerm modified mode [ 'lib/output/index.js', 436, 420 ]
462 silly gunzTarPerm extractEntry lib/path-exists/index.js
463 silly gunzTarPerm modified mode [ 'lib/path-exists/index.js', 436, 420 ]
464 silly gunzTarPerm extractEntry lib/remove/index.js
465 silly gunzTarPerm modified mode [ 'lib/remove/index.js', 436, 420 ]
466 silly gunzTarPerm extractEntry lib/remove/rimraf.js
467 silly gunzTarPerm modified mode [ 'lib/remove/rimraf.js', 436, 420 ]
468 silly gunzTarPerm extractEntry lib/util/buffer.js
469 silly gunzTarPerm modified mode [ 'lib/util/buffer.js', 436, 420 ]
470 silly gunzTarPerm extractEntry lib/util/utimes.js
471 silly gunzTarPerm modified mode [ 'lib/util/utimes.js', 436, 420 ]
472 silly gentlyRm /usr/local/lib/node_modules/.staging/fs-extra-f0135aaf/node_modules is being purged
473 verbose gentlyRm don't care about contents; nuking /usr/local/lib/node_modules/.staging/fs-extra-f0135aaf/node_modules
474 silly doParallel preinstall 5
475 silly preinstall graceful-fs@4.1.15 /usr/local/lib/node_modules/.staging/graceful-fs-03ff037c
476 info lifecycle graceful-fs@4.1.15~preinstall: graceful-fs@4.1.15
477 silly preinstall jsonfile@4.0.0 /usr/local/lib/node_modules/.staging/jsonfile-f76ee657
478 info lifecycle jsonfile@4.0.0~preinstall: jsonfile@4.0.0
479 silly preinstall universalify@0.1.2 /usr/local/lib/node_modules/.staging/universalify-4bb52e80
480 info lifecycle universalify@0.1.2~preinstall: universalify@0.1.2
481 silly preinstall fs-extra@6.0.1 /usr/local/lib/node_modules/.staging/fs-extra-f0135aaf
482 info lifecycle fs-extra@6.0.1~preinstall: fs-extra@6.0.1
483 silly preinstall mirror-config-china@2.5.1 /usr/local/lib/node_modules/.staging/mirror-config-china-8672ed56
484 info lifecycle mirror-config-china@2.5.1~preinstall: mirror-config-china@2.5.1
485 silly lifecycle graceful-fs@4.1.15~preinstall: no script for preinstall, continuing
486 silly lifecycle jsonfile@4.0.0~preinstall: no script for preinstall, continuing
487 silly lifecycle universalify@0.1.2~preinstall: no script for preinstall, continuing
488 silly lifecycle fs-extra@6.0.1~preinstall: no script for preinstall, continuing
489 warn lifecycle mirror-config-china@2.5.1~preinstall: cannot run in wd %s %s (wd=%s) mirror-config-china@2.5.1 node -e "require('util').promisify.call" || npm i util.promisify /usr/local/lib/node_modules/.staging/mirror-config-china-8672ed56
490 silly doReverseSerial remove 0
491 silly doSerial move 0
492 silly doSerial finalize 5
493 silly finalize /usr/local/lib/node_modules/mirror-config-china/node_modules/graceful-fs
494 silly finalize /usr/local/lib/node_modules/mirror-config-china/node_modules/jsonfile
495 silly finalize /usr/local/lib/node_modules/mirror-config-china/node_modules/universalify
496 silly finalize /usr/local/lib/node_modules/mirror-config-china/node_modules/fs-extra
497 silly finalize /usr/local/lib/node_modules/mirror-config-china
498 silly doSerial build 5
499 silly build graceful-fs@4.1.15
500 info linkStuff graceful-fs@4.1.15
501 silly linkStuff graceful-fs@4.1.15 has /usr/local/lib/node_modules/mirror-config-china/node_modules as its parent node_modules
502 silly linkStuff graceful-fs@4.1.15 is part of a global install
503 silly linkStuff graceful-fs@4.1.15 is installed into a global node_modules
504 verbose linkBins graceful-fs@4.1.15
505 verbose linkMans graceful-fs@4.1.15
506 silly build jsonfile@4.0.0
507 info linkStuff jsonfile@4.0.0
508 silly linkStuff jsonfile@4.0.0 has /usr/local/lib/node_modules/mirror-config-china/node_modules as its parent node_modules
509 silly linkStuff jsonfile@4.0.0 is part of a global install
510 silly linkStuff jsonfile@4.0.0 is installed into a global node_modules
511 verbose linkBins jsonfile@4.0.0
512 verbose linkMans jsonfile@4.0.0
513 silly build universalify@0.1.2
514 info linkStuff universalify@0.1.2
515 silly linkStuff universalify@0.1.2 has /usr/local/lib/node_modules/mirror-config-china/node_modules as its parent node_modules
516 silly linkStuff universalify@0.1.2 is part of a global install
517 silly linkStuff universalify@0.1.2 is installed into a global node_modules
518 verbose linkBins universalify@0.1.2
519 verbose linkMans universalify@0.1.2
520 silly build fs-extra@6.0.1
521 info linkStuff fs-extra@6.0.1
522 silly linkStuff fs-extra@6.0.1 has /usr/local/lib/node_modules/mirror-config-china/node_modules as its parent node_modules
523 silly linkStuff fs-extra@6.0.1 is part of a global install
524 silly linkStuff fs-extra@6.0.1 is installed into a global node_modules
525 verbose linkBins fs-extra@6.0.1
526 verbose linkMans fs-extra@6.0.1
527 silly build mirror-config-china@2.5.1
528 info linkStuff mirror-config-china@2.5.1
529 silly linkStuff mirror-config-china@2.5.1 has /usr/local/lib/node_modules as its parent node_modules
530 silly linkStuff mirror-config-china@2.5.1 is part of a global install
531 silly linkStuff mirror-config-china@2.5.1 is installed into a global node_modules
532 silly linkStuff mirror-config-china@2.5.1 is installed into the top-level global node_modules
533 verbose linkBins mirror-config-china@2.5.1
534 verbose link bins [ { 'mirror-config-china': 'lib/cli.js' },
534 verbose link bins   '/usr/local/bin',
534 verbose link bins   true ]
535 verbose linkMans mirror-config-china@2.5.1
536 silly gentlyRm /usr/local/bin/mirror-config-china is being gently removed
537 silly doSerial global-link 0
538 silly doParallel update-linked 0
539 silly doSerial install 5
540 silly install graceful-fs@4.1.15 /usr/local/lib/node_modules/.staging/graceful-fs-03ff037c
541 info lifecycle graceful-fs@4.1.15~install: graceful-fs@4.1.15
542 silly lifecycle graceful-fs@4.1.15~install: no script for install, continuing
543 silly install jsonfile@4.0.0 /usr/local/lib/node_modules/.staging/jsonfile-f76ee657
544 info lifecycle jsonfile@4.0.0~install: jsonfile@4.0.0
545 silly lifecycle jsonfile@4.0.0~install: no script for install, continuing
546 silly install universalify@0.1.2 /usr/local/lib/node_modules/.staging/universalify-4bb52e80
547 info lifecycle universalify@0.1.2~install: universalify@0.1.2
548 silly lifecycle universalify@0.1.2~install: no script for install, continuing
549 silly install fs-extra@6.0.1 /usr/local/lib/node_modules/.staging/fs-extra-f0135aaf
550 info lifecycle fs-extra@6.0.1~install: fs-extra@6.0.1
551 silly lifecycle fs-extra@6.0.1~install: no script for install, continuing
552 silly install mirror-config-china@2.5.1 /usr/local/lib/node_modules/.staging/mirror-config-china-8672ed56
553 info lifecycle mirror-config-china@2.5.1~install: mirror-config-china@2.5.1
554 verbose lifecycle mirror-config-china@2.5.1~install: unsafe-perm in lifecycle false
555 verbose lifecycle mirror-config-china@2.5.1~install: PATH: /usr/share/npm/bin/node-gyp-bin:/usr/local/lib/node_modules/mirror-config-china/node_modules/.bin:/usr/local/lib/node_modules/.bin:/usr/local/sbin:/usr/local/bin:/usr/sbin:/usr/bin:/sbin:/bin:/snap/bin
556 verbose lifecycle mirror-config-china@2.5.1~install: CWD: /usr/local/lib/node_modules/mirror-config-china
557 silly lifecycle mirror-config-china@2.5.1~install: Args: [ '-c', 'node lib/install' ]
558 silly lifecycle mirror-config-china@2.5.1~install: Returned: code: 1  signal: null
559 info lifecycle mirror-config-china@2.5.1~install: Failed to exec install script
560 verbose unlock done using /home/anish/.npm/_locks/staging-3a08f0df5026584d.lock for /usr/local/lib/node_modules/.staging
561 silly rollbackFailedOptional Starting
562 silly rollbackFailedOptional Finishing
563 silly runTopLevelLifecycles Starting
564 silly runTopLevelLifecycles Finishing
565 silly install printInstalled
566 verbose stack Error: mirror-config-china@2.5.1 install: `node lib/install`
566 verbose stack Exit status 1
566 verbose stack     at EventEmitter.<anonymous> (/usr/share/npm/lib/utils/lifecycle.js:232:16)
566 verbose stack     at emitTwo (events.js:126:13)
566 verbose stack     at EventEmitter.emit (events.js:214:7)
566 verbose stack     at ChildProcess.<anonymous> (/usr/share/npm/lib/utils/spawn.js:24:14)
566 verbose stack     at emitTwo (events.js:126:13)
566 verbose stack     at ChildProcess.emit (events.js:214:7)
566 verbose stack     at maybeClose (internal/child_process.js:925:16)
566 verbose stack     at Process.ChildProcess._handle.onexit (internal/child_process.js:209:5)
567 verbose pkgid mirror-config-china@2.5.1
568 verbose cwd /media/anish/83D5-30C8/fancymonk_work/webappsBkp/clientPanel
569 error Linux 4.15.0-39-generic
570 error argv "/usr/bin/node" "/usr/bin/npm" "install" "-g" "mirror-config-china" "--registry=http://registry.npm.taobao.org"
571 error node v8.10.0
572 error npm  v3.5.2
573 error code ELIFECYCLE
574 error mirror-config-china@2.5.1 install: `node lib/install`
574 error Exit status 1
575 error Failed at the mirror-config-china@2.5.1 install script 'node lib/install'.
575 error Make sure you have the latest version of node.js and npm installed.
575 error If you do, this is most likely a problem with the mirror-config-china package,
575 error not with npm itself.
575 error Tell the author that this fails on your system:
575 error     node lib/install
575 error You can get information on how to open an issue for this project with:
575 error     npm bugs mirror-config-china
575 error Or if that isn't available, you can get their info via:
575 error     npm owner ls mirror-config-china
575 error There is likely additional logging output above.
576 verbose exit [ 1, true ]
