0 info it worked if it ends with ok
1 verbose cli [ '/usr/bin/node',
1 verbose cli   '/usr/bin/npm',
1 verbose cli   'i',
1 verbose cli   '--',
1 verbose cli   'save-dev',
1 verbose cli   'gulp',
1 verbose cli   'minify-css' ]
2 info using npm@3.5.2
3 info using node@v8.10.0
4 silly loadCurrentTree Starting
5 silly install loadCurrentTree
6 silly install readLocalPackageData
7 silly fetchPackageMetaData save-dev
8 silly fetchPackageMetaData gulp@^3.9.1
9 silly fetchPackageMetaData minify-css
10 silly fetchNamedPackageData gulp
11 silly mapToRegistry name gulp
12 silly mapToRegistry using default registry
13 silly mapToRegistry registry https://registry.npmjs.org/
14 silly mapToRegistry uri https://registry.npmjs.org/gulp
15 silly fetchNamedPackageData save-dev
16 silly mapToRegistry name save-dev
17 silly mapToRegistry using default registry
18 silly mapToRegistry registry https://registry.npmjs.org/
19 silly mapToRegistry uri https://registry.npmjs.org/save-dev
20 silly fetchNamedPackageData minify-css
21 silly mapToRegistry name minify-css
22 silly mapToRegistry using default registry
23 silly mapToRegistry registry https://registry.npmjs.org/
24 silly mapToRegistry uri https://registry.npmjs.org/minify-css
25 verbose request uri https://registry.npmjs.org/save-dev
26 verbose request no auth needed
27 info attempt registry request try #1 at 12:26:56 PM
28 verbose request id ab7dcc428152d1c5
29 http request GET https://registry.npmjs.org/save-dev
30 verbose request uri https://registry.npmjs.org/minify-css
31 verbose request no auth needed
32 info attempt registry request try #1 at 12:26:56 PM
33 http request GET https://registry.npmjs.org/minify-css
34 verbose request uri https://registry.npmjs.org/gulp
35 verbose request no auth needed
36 info attempt registry request try #1 at 12:26:56 PM
37 verbose etag W/"bfe8d57cb995151afc44db1800aa0001"
38 verbose lastModified Fri, 05 Oct 2018 22:41:24 GMT
39 http request GET https://registry.npmjs.org/gulp
40 http 200 https://registry.npmjs.org/gulp
41 verbose headers { date: 'Mon, 26 Nov 2018 06:56:57 GMT',
41 verbose headers   'content-type': 'application/json',
41 verbose headers   'transfer-encoding': 'chunked',
41 verbose headers   connection: 'keep-alive',
41 verbose headers   'set-cookie':
41 verbose headers    [ '__cfduid=d60bf5bcdbbfeeb393e0f3a88c439ff4d1543215417; expires=Tue, 26-Nov-19 06:56:57 GMT; path=/; domain=.registry.npmjs.org; HttpOnly' ],
41 verbose headers   'cf-cache-status': 'HIT',
41 verbose headers   'cache-control': 'max-age=300',
41 verbose headers   'cf-ray': '47fa7545dd2b8a79-BOM',
41 verbose headers   etag: 'W/"7b2c2b416bb2b0ec21af84d0aaed47ef"',
41 verbose headers   'expect-ct': 'max-age=604800, report-uri="https://report-uri.cloudflare.com/cdn-cgi/beacon/expect-ct"',
41 verbose headers   'last-modified': 'Sat, 10 Nov 2018 12:55:07 GMT',
41 verbose headers   vary: 'accept-encoding, accept',
41 verbose headers   'x-amz-meta-rev': '1899-520e81740c96c9f94edfa90eb9c2be6c',
41 verbose headers   server: 'cloudflare',
41 verbose headers   'content-encoding': 'gzip' }
42 silly get cb [ 200,
42 silly get   { date: 'Mon, 26 Nov 2018 06:56:57 GMT',
42 silly get     'content-type': 'application/json',
42 silly get     'transfer-encoding': 'chunked',
42 silly get     connection: 'keep-alive',
42 silly get     'set-cookie':
42 silly get      [ '__cfduid=d60bf5bcdbbfeeb393e0f3a88c439ff4d1543215417; expires=Tue, 26-Nov-19 06:56:57 GMT; path=/; domain=.registry.npmjs.org; HttpOnly' ],
42 silly get     'cf-cache-status': 'HIT',
42 silly get     'cache-control': 'max-age=300',
42 silly get     'cf-ray': '47fa7545dd2b8a79-BOM',
42 silly get     etag: 'W/"7b2c2b416bb2b0ec21af84d0aaed47ef"',
42 silly get     'expect-ct': 'max-age=604800, report-uri="https://report-uri.cloudflare.com/cdn-cgi/beacon/expect-ct"',
42 silly get     'last-modified': 'Sat, 10 Nov 2018 12:55:07 GMT',
42 silly get     vary: 'accept-encoding, accept',
42 silly get     'x-amz-meta-rev': '1899-520e81740c96c9f94edfa90eb9c2be6c',
42 silly get     server: 'cloudflare',
42 silly get     'content-encoding': 'gzip' } ]
43 verbose get saving gulp to /home/anish/.npm/registry.npmjs.org/gulp/.cache.json
44 http 200 https://registry.npmjs.org/save-dev
45 verbose headers { date: 'Mon, 26 Nov 2018 06:56:58 GMT',
45 verbose headers   'content-type': 'application/json; charset=UTF-8',
45 verbose headers   'transfer-encoding': 'chunked',
45 verbose headers   connection: 'keep-alive',
45 verbose headers   'set-cookie':
45 verbose headers    [ '__cfduid=d276f575004a2e298a8a56877d16de3af1543215417; expires=Tue, 26-Nov-19 06:56:57 GMT; path=/; domain=.registry.npmjs.org; HttpOnly' ],
45 verbose headers   'cf-cache-status': 'REVALIDATED',
45 verbose headers   'cache-control': 'max-age=300',
45 verbose headers   'cf-ray': '47fa7545e9d18a9d-BOM',
45 verbose headers   etag: 'W/"f700c1508a2920953b7d788c59aa810b"',
45 verbose headers   'expect-ct': 'max-age=604800, report-uri="https://report-uri.cloudflare.com/cdn-cgi/beacon/expect-ct"',
45 verbose headers   'last-modified': 'Sun, 27 May 2018 16:38:15 GMT',
45 verbose headers   vary: 'accept-encoding, accept',
45 verbose headers   server: 'cloudflare',
45 verbose headers   'content-encoding': 'gzip' }
46 silly get cb [ 200,
46 silly get   { date: 'Mon, 26 Nov 2018 06:56:58 GMT',
46 silly get     'content-type': 'application/json; charset=UTF-8',
46 silly get     'transfer-encoding': 'chunked',
46 silly get     connection: 'keep-alive',
46 silly get     'set-cookie':
46 silly get      [ '__cfduid=d276f575004a2e298a8a56877d16de3af1543215417; expires=Tue, 26-Nov-19 06:56:57 GMT; path=/; domain=.registry.npmjs.org; HttpOnly' ],
46 silly get     'cf-cache-status': 'REVALIDATED',
46 silly get     'cache-control': 'max-age=300',
46 silly get     'cf-ray': '47fa7545e9d18a9d-BOM',
46 silly get     etag: 'W/"f700c1508a2920953b7d788c59aa810b"',
46 silly get     'expect-ct': 'max-age=604800, report-uri="https://report-uri.cloudflare.com/cdn-cgi/beacon/expect-ct"',
46 silly get     'last-modified': 'Sun, 27 May 2018 16:38:15 GMT',
46 silly get     vary: 'accept-encoding, accept',
46 silly get     server: 'cloudflare',
46 silly get     'content-encoding': 'gzip' } ]
47 verbose get saving save-dev to /home/anish/.npm/registry.npmjs.org/save-dev/.cache.json
48 http 404 https://registry.npmjs.org/minify-css
49 verbose headers { date: 'Mon, 26 Nov 2018 06:56:58 GMT',
49 verbose headers   'content-type': 'application/json',
49 verbose headers   'content-length': '21',
49 verbose headers   connection: 'keep-alive',
49 verbose headers   'set-cookie':
49 verbose headers    [ '__cfduid=d8b908bb5ffa916474141924c9a4f120c1543215417; expires=Tue, 26-Nov-19 06:56:57 GMT; path=/; domain=.registry.npmjs.org; HttpOnly' ],
49 verbose headers   'cf-cache-status': 'MISS',
49 verbose headers   'cache-control': 'max-age=300',
49 verbose headers   'cf-ray': '47fa7545cd278a73-BOM',
49 verbose headers   'expect-ct': 'max-age=604800, report-uri="https://report-uri.cloudflare.com/cdn-cgi/beacon/expect-ct"',
49 verbose headers   vary: 'accept-encoding, accept',
49 verbose headers   server: 'cloudflare' }
50 silly get cb [ 404,
50 silly get   { date: 'Mon, 26 Nov 2018 06:56:58 GMT',
50 silly get     'content-type': 'application/json',
50 silly get     'content-length': '21',
50 silly get     connection: 'keep-alive',
50 silly get     'set-cookie':
50 silly get      [ '__cfduid=d8b908bb5ffa916474141924c9a4f120c1543215417; expires=Tue, 26-Nov-19 06:56:57 GMT; path=/; domain=.registry.npmjs.org; HttpOnly' ],
50 silly get     'cf-cache-status': 'MISS',
50 silly get     'cache-control': 'max-age=300',
50 silly get     'cf-ray': '47fa7545cd278a73-BOM',
50 silly get     'expect-ct': 'max-age=604800, report-uri="https://report-uri.cloudflare.com/cdn-cgi/beacon/expect-ct"',
50 silly get     vary: 'accept-encoding, accept',
50 silly get     server: 'cloudflare' } ]
51 silly fetchPackageMetaData Error: Not found : minify-css
51 silly fetchPackageMetaData     at makeError (/usr/share/npm/node_modules/npm-registry-client/lib/request.js:264:12)
51 silly fetchPackageMetaData     at CachingRegistryClient.<anonymous> (/usr/share/npm/node_modules/npm-registry-client/lib/request.js:252:14)
51 silly fetchPackageMetaData     at Request._callback (/usr/share/npm/node_modules/npm-registry-client/lib/request.js:172:14)
51 silly fetchPackageMetaData     at Request.self.callback (/usr/share/npm/node_modules/request/request.js:198:22)
51 silly fetchPackageMetaData     at emitTwo (events.js:126:13)
51 silly fetchPackageMetaData     at Request.emit (events.js:214:7)
51 silly fetchPackageMetaData     at Request.<anonymous> (/usr/share/npm/node_modules/request/request.js:1082:10)
51 silly fetchPackageMetaData     at emitOne (events.js:121:20)
51 silly fetchPackageMetaData     at Request.emit (events.js:211:7)
51 silly fetchPackageMetaData     at IncomingMessage.<anonymous> (/usr/share/npm/node_modules/request/request.js:1009:12)
51 silly fetchPackageMetaData  error for minify-css { Error: Not found : minify-css
51 silly fetchPackageMetaData     at makeError (/usr/share/npm/node_modules/npm-registry-client/lib/request.js:264:12)
51 silly fetchPackageMetaData     at CachingRegistryClient.<anonymous> (/usr/share/npm/node_modules/npm-registry-client/lib/request.js:252:14)
51 silly fetchPackageMetaData     at Request._callback (/usr/share/npm/node_modules/npm-registry-client/lib/request.js:172:14)
51 silly fetchPackageMetaData     at Request.self.callback (/usr/share/npm/node_modules/request/request.js:198:22)
51 silly fetchPackageMetaData     at emitTwo (events.js:126:13)
51 silly fetchPackageMetaData     at Request.emit (events.js:214:7)
51 silly fetchPackageMetaData     at Request.<anonymous> (/usr/share/npm/node_modules/request/request.js:1082:10)
51 silly fetchPackageMetaData     at emitOne (events.js:121:20)
51 silly fetchPackageMetaData     at Request.emit (events.js:211:7)
51 silly fetchPackageMetaData     at IncomingMessage.<anonymous> (/usr/share/npm/node_modules/request/request.js:1009:12) pkgid: 'minify-css', statusCode: 404, code: 'E404' }
52 silly rollbackFailedOptional Starting
53 silly rollbackFailedOptional Finishing
54 silly runTopLevelLifecycles Starting
55 silly runTopLevelLifecycles Finishing
56 silly install printInstalled
57 verbose stack Error: Not found : minify-css
57 verbose stack     at makeError (/usr/share/npm/node_modules/npm-registry-client/lib/request.js:264:12)
57 verbose stack     at CachingRegistryClient.<anonymous> (/usr/share/npm/node_modules/npm-registry-client/lib/request.js:252:14)
57 verbose stack     at Request._callback (/usr/share/npm/node_modules/npm-registry-client/lib/request.js:172:14)
57 verbose stack     at Request.self.callback (/usr/share/npm/node_modules/request/request.js:198:22)
57 verbose stack     at emitTwo (events.js:126:13)
57 verbose stack     at Request.emit (events.js:214:7)
57 verbose stack     at Request.<anonymous> (/usr/share/npm/node_modules/request/request.js:1082:10)
57 verbose stack     at emitOne (events.js:121:20)
57 verbose stack     at Request.emit (events.js:211:7)
57 verbose stack     at IncomingMessage.<anonymous> (/usr/share/npm/node_modules/request/request.js:1009:12)
58 verbose statusCode 404
59 verbose pkgid minify-css
60 verbose cwd /media/anish/83D5-30C8/fancymonk_work/webapps/adminPanel/src
61 error Linux 4.15.0-39-generic
62 error argv "/usr/bin/node" "/usr/bin/npm" "i" "--" "save-dev" "gulp" "minify-css"
63 error node v8.10.0
64 error npm  v3.5.2
65 error code E404
66 error 404 Not found : minify-css
67 error 404
68 error 404 'minify-css' is not in the npm registry.
69 error 404 You should bug the author to publish it (or use the name yourself!)
70 error 404 Note that you can also install from a
71 error 404 tarball, folder, http url, or git url.
72 verbose exit [ 1, true ]
