0 info it worked if it ends with ok
1 verbose cli [ '/usr/bin/node', '/usr/bin/npm', 'install' ]
2 info using npm@3.5.2
3 info using node@v8.10.0
4 silly loadCurrentTree Starting
5 silly install loadCurrentTree
6 silly install readLocalPackageData
7 silly install normalizeTree
8 silly loadCurrentTree Finishing
9 silly loadIdealTree Starting
10 silly install loadIdealTree
11 silly cloneCurrentTree Starting
12 silly install cloneCurrentTreeToIdealTree
13 silly cloneCurrentTree Finishing
14 silly loadShrinkwrap Starting
15 silly install loadShrinkwrap
16 silly loadShrinkwrap Finishing
17 silly loadAllDepsIntoIdealTree Starting
18 silly install loadAllDepsIntoIdealTree
19 silly loadAllDepsIntoIdealTree Finishing
20 silly idealTree:prePrune retailpanel@1.0.0
20 silly idealTree:prePrune +-- accepts@1.3.5
20 silly idealTree:prePrune +-- angular-cookies@1.7.4
20 silly idealTree:prePrune +-- ansi-colors@2.0.5
20 silly idealTree:prePrune +-- ansi-gray@0.1.1
20 silly idealTree:prePrune +-- ansi-regex@2.1.1
20 silly idealTree:prePrune +-- ansi-styles@2.2.1
20 silly idealTree:prePrune +-- ansi-wrap@0.1.0
20 silly idealTree:prePrune +-- archy@1.0.0
20 silly idealTree:prePrune +-- argparse@1.0.10
20 silly idealTree:prePrune +-- arr-diff@4.0.0
20 silly idealTree:prePrune +-- arr-flatten@1.1.0
20 silly idealTree:prePrune +-- arr-union@3.1.0
20 silly idealTree:prePrune +-- array-differ@1.0.0
20 silly idealTree:prePrune +-- array-each@1.0.1
20 silly idealTree:prePrune +-- array-slice@1.1.0
20 silly idealTree:prePrune +-- array-uniq@1.0.3
20 silly idealTree:prePrune +-- array-unique@0.3.2
20 silly idealTree:prePrune +-- assign-symbols@1.0.0
20 silly idealTree:prePrune +-- atob@2.1.2
20 silly idealTree:prePrune +-- balanced-match@1.0.0
20 silly idealTree:prePrune +-- base@0.11.2
20 silly idealTree:prePrune | +-- define-property@1.0.0
20 silly idealTree:prePrune | +-- is-accessor-descriptor@1.0.0
20 silly idealTree:prePrune | +-- is-data-descriptor@1.0.0
20 silly idealTree:prePrune | `-- is-descriptor@1.0.2
20 silly idealTree:prePrune +-- batch@0.6.1
20 silly idealTree:prePrune +-- beeper@1.1.1
20 silly idealTree:prePrune +-- body@5.1.0
20 silly idealTree:prePrune +-- brace-expansion@1.1.11
20 silly idealTree:prePrune +-- braces@2.3.2
20 silly idealTree:prePrune | `-- extend-shallow@2.0.1
20 silly idealTree:prePrune +-- bytes@1.0.0
20 silly idealTree:prePrune +-- cache-base@1.0.1
20 silly idealTree:prePrune +-- chalk@1.1.3
20 silly idealTree:prePrune +-- class-utils@0.3.6
20 silly idealTree:prePrune | `-- define-property@0.2.5
20 silly idealTree:prePrune +-- clone-buffer@1.0.0
20 silly idealTree:prePrune +-- clone-stats@0.0.1
20 silly idealTree:prePrune +-- clone@1.0.4
20 silly idealTree:prePrune +-- cloneable-readable@1.1.2
20 silly idealTree:prePrune | +-- isarray@1.0.0
20 silly idealTree:prePrune | +-- readable-stream@2.3.6
20 silly idealTree:prePrune | `-- string_decoder@1.1.1
20 silly idealTree:prePrune +-- collection-visit@1.0.0
20 silly idealTree:prePrune +-- color-support@1.1.3
20 silly idealTree:prePrune +-- component-emitter@1.2.1
20 silly idealTree:prePrune +-- concat-map@0.0.1
20 silly idealTree:prePrune +-- concat-with-sourcemaps@1.1.0
20 silly idealTree:prePrune | `-- source-map@0.6.1
20 silly idealTree:prePrune +-- connect-livereload@0.6.0
20 silly idealTree:prePrune +-- connect@3.6.6
20 silly idealTree:prePrune +-- continuable-cache@0.3.1
20 silly idealTree:prePrune +-- copy-descriptor@0.1.1
20 silly idealTree:prePrune +-- core-util-is@1.0.2
20 silly idealTree:prePrune +-- dateformat@2.2.0
20 silly idealTree:prePrune +-- debug@2.6.9
20 silly idealTree:prePrune +-- decode-uri-component@0.2.0
20 silly idealTree:prePrune +-- defaults@1.0.3
20 silly idealTree:prePrune +-- define-property@2.0.2
20 silly idealTree:prePrune | +-- is-accessor-descriptor@1.0.0
20 silly idealTree:prePrune | +-- is-data-descriptor@1.0.0
20 silly idealTree:prePrune | `-- is-descriptor@1.0.2
20 silly idealTree:prePrune +-- depd@1.1.2
20 silly idealTree:prePrune +-- deprecated@0.0.1
20 silly idealTree:prePrune +-- destroy@1.0.4
20 silly idealTree:prePrune +-- detect-file@1.0.0
20 silly idealTree:prePrune +-- duplexer@0.1.1
20 silly idealTree:prePrune +-- duplexer2@0.0.2
20 silly idealTree:prePrune +-- ee-first@1.1.1
20 silly idealTree:prePrune +-- encodeurl@1.0.2
20 silly idealTree:prePrune +-- end-of-stream@0.1.5
20 silly idealTree:prePrune +-- error@7.0.2
20 silly idealTree:prePrune +-- escape-html@1.0.3
20 silly idealTree:prePrune +-- escape-string-regexp@1.0.5
20 silly idealTree:prePrune +-- esprima@4.0.1
20 silly idealTree:prePrune +-- etag@1.8.1
20 silly idealTree:prePrune +-- event-stream@3.3.4
20 silly idealTree:prePrune +-- expand-brackets@2.1.4
20 silly idealTree:prePrune | +-- define-property@0.2.5
20 silly idealTree:prePrune | `-- extend-shallow@2.0.1
20 silly idealTree:prePrune +-- expand-tilde@2.0.2
20 silly idealTree:prePrune +-- extend-shallow@3.0.2
20 silly idealTree:prePrune | `-- is-extendable@1.0.1
20 silly idealTree:prePrune +-- extend@3.0.2
20 silly idealTree:prePrune +-- extglob@2.0.4
20 silly idealTree:prePrune | +-- define-property@1.0.0
20 silly idealTree:prePrune | +-- extend-shallow@2.0.1
20 silly idealTree:prePrune | +-- is-accessor-descriptor@1.0.0
20 silly idealTree:prePrune | +-- is-data-descriptor@1.0.0
20 silly idealTree:prePrune | `-- is-descriptor@1.0.2
20 silly idealTree:prePrune +-- fancy-log@1.3.2
20 silly idealTree:prePrune +-- faye-websocket@0.10.0
20 silly idealTree:prePrune +-- fill-range@4.0.0
20 silly idealTree:prePrune | `-- extend-shallow@2.0.1
20 silly idealTree:prePrune +-- finalhandler@1.1.0
20 silly idealTree:prePrune +-- find-index@0.1.1
20 silly idealTree:prePrune +-- findup-sync@2.0.0
20 silly idealTree:prePrune +-- fined@1.1.0
20 silly idealTree:prePrune +-- first-chunk-stream@1.0.0
20 silly idealTree:prePrune +-- flagged-respawn@1.0.0
20 silly idealTree:prePrune +-- for-in@1.0.2
20 silly idealTree:prePrune +-- for-own@1.0.0
20 silly idealTree:prePrune +-- fragment-cache@0.2.1
20 silly idealTree:prePrune +-- fresh@0.5.2
20 silly idealTree:prePrune +-- from@0.1.7
20 silly idealTree:prePrune +-- gaze@0.5.2
20 silly idealTree:prePrune +-- get-value@2.0.6
20 silly idealTree:prePrune +-- glob-stream@3.1.18
20 silly idealTree:prePrune | +-- readable-stream@1.0.34
20 silly idealTree:prePrune | `-- through2@0.6.5
20 silly idealTree:prePrune +-- glob-watcher@0.0.6
20 silly idealTree:prePrune +-- glob@4.5.3
20 silly idealTree:prePrune +-- glob2base@0.0.12
20 silly idealTree:prePrune +-- global-modules@1.0.0
20 silly idealTree:prePrune +-- global-prefix@1.0.2
20 silly idealTree:prePrune +-- globule@0.1.0
20 silly idealTree:prePrune | +-- glob@3.1.21
20 silly idealTree:prePrune | +-- graceful-fs@1.2.3
20 silly idealTree:prePrune | +-- inherits@1.0.2
20 silly idealTree:prePrune | `-- minimatch@0.2.14
20 silly idealTree:prePrune +-- glogg@1.0.1
20 silly idealTree:prePrune +-- graceful-fs@3.0.11
20 silly idealTree:prePrune +-- gulp-concat@2.6.1
20 silly idealTree:prePrune | +-- clone-stats@1.0.0
20 silly idealTree:prePrune | +-- clone@2.1.2
20 silly idealTree:prePrune | +-- replace-ext@1.0.0
20 silly idealTree:prePrune | `-- vinyl@2.2.0
20 silly idealTree:prePrune +-- gulp-connect@5.6.1
20 silly idealTree:prePrune +-- gulp-ng-config@1.5.0
20 silly idealTree:prePrune | `-- lodash@4.17.10
20 silly idealTree:prePrune +-- gulp-util@3.0.8
20 silly idealTree:prePrune +-- gulp@3.9.1
20 silly idealTree:prePrune +-- gulplog@1.0.0
20 silly idealTree:prePrune +-- has-ansi@2.0.0
20 silly idealTree:prePrune +-- has-gulplog@0.1.0
20 silly idealTree:prePrune +-- has-value@1.0.0
20 silly idealTree:prePrune +-- has-values@1.0.0
20 silly idealTree:prePrune | `-- kind-of@4.0.0
20 silly idealTree:prePrune +-- homedir-polyfill@1.0.1
20 silly idealTree:prePrune +-- http-errors@1.6.3
20 silly idealTree:prePrune | `-- statuses@1.5.0
20 silly idealTree:prePrune +-- http-parser-js@0.4.13
20 silly idealTree:prePrune +-- inflight@1.0.6
20 silly idealTree:prePrune +-- inherits@2.0.3
20 silly idealTree:prePrune +-- ini@1.3.5
20 silly idealTree:prePrune +-- interpret@1.1.0
20 silly idealTree:prePrune +-- is-absolute@1.0.0
20 silly idealTree:prePrune +-- is-accessor-descriptor@0.1.6
20 silly idealTree:prePrune | `-- kind-of@3.2.2
20 silly idealTree:prePrune +-- is-buffer@1.1.6
20 silly idealTree:prePrune +-- is-data-descriptor@0.1.4
20 silly idealTree:prePrune | `-- kind-of@3.2.2
20 silly idealTree:prePrune +-- is-descriptor@0.1.6
20 silly idealTree:prePrune | `-- kind-of@5.1.0
20 silly idealTree:prePrune +-- is-extendable@0.1.1
20 silly idealTree:prePrune +-- is-extglob@2.1.1
20 silly idealTree:prePrune +-- is-glob@3.1.0
20 silly idealTree:prePrune +-- is-number@3.0.0
20 silly idealTree:prePrune | `-- kind-of@3.2.2
20 silly idealTree:prePrune +-- is-plain-object@2.0.4
20 silly idealTree:prePrune +-- is-relative@1.0.0
20 silly idealTree:prePrune +-- is-unc-path@1.0.0
20 silly idealTree:prePrune +-- is-utf8@0.2.1
20 silly idealTree:prePrune +-- is-windows@1.0.2
20 silly idealTree:prePrune +-- isarray@0.0.1
20 silly idealTree:prePrune +-- isexe@2.0.0
20 silly idealTree:prePrune +-- isobject@3.0.1
20 silly idealTree:prePrune +-- js-yaml@3.12.0
20 silly idealTree:prePrune +-- kind-of@6.0.2
20 silly idealTree:prePrune +-- liftoff@2.5.0
20 silly idealTree:prePrune +-- livereload-js@2.3.0
20 silly idealTree:prePrune +-- lodash._basecopy@3.0.1
20 silly idealTree:prePrune +-- lodash._basetostring@3.0.1
20 silly idealTree:prePrune +-- lodash._basevalues@3.0.0
20 silly idealTree:prePrune +-- lodash._getnative@3.9.1
20 silly idealTree:prePrune +-- lodash._isiterateecall@3.0.9
20 silly idealTree:prePrune +-- lodash._reescape@3.0.0
20 silly idealTree:prePrune +-- lodash._reevaluate@3.0.0
20 silly idealTree:prePrune +-- lodash._reinterpolate@3.0.0
20 silly idealTree:prePrune +-- lodash._root@3.0.1
20 silly idealTree:prePrune +-- lodash.escape@3.2.0
20 silly idealTree:prePrune +-- lodash.isarguments@3.1.0
20 silly idealTree:prePrune +-- lodash.isarray@3.0.4
20 silly idealTree:prePrune +-- lodash.keys@3.1.2
20 silly idealTree:prePrune +-- lodash.restparam@3.6.1
20 silly idealTree:prePrune +-- lodash.template@3.6.2
20 silly idealTree:prePrune +-- lodash.templatesettings@3.1.1
20 silly idealTree:prePrune +-- lodash@1.0.2
20 silly idealTree:prePrune +-- lru-cache@2.7.3
20 silly idealTree:prePrune +-- make-iterator@1.0.1
20 silly idealTree:prePrune +-- map-cache@0.2.2
20 silly idealTree:prePrune +-- map-stream@0.1.0
20 silly idealTree:prePrune +-- map-visit@1.0.0
20 silly idealTree:prePrune +-- micromatch@3.1.10
20 silly idealTree:prePrune +-- mime-db@1.36.0
20 silly idealTree:prePrune +-- mime-types@2.1.20
20 silly idealTree:prePrune +-- mime@1.4.1
20 silly idealTree:prePrune +-- minimatch@2.0.10
20 silly idealTree:prePrune +-- minimist@1.2.0
20 silly idealTree:prePrune +-- mixin-deep@1.3.1
20 silly idealTree:prePrune | `-- is-extendable@1.0.1
20 silly idealTree:prePrune +-- mkdirp@0.5.1
20 silly idealTree:prePrune | `-- minimist@0.0.8
20 silly idealTree:prePrune +-- ms@2.0.0
20 silly idealTree:prePrune +-- multipipe@0.1.2
20 silly idealTree:prePrune +-- nanomatch@1.2.13
20 silly idealTree:prePrune +-- natives@1.1.4
20 silly idealTree:prePrune +-- negotiator@0.6.1
20 silly idealTree:prePrune +-- object-assign@3.0.0
20 silly idealTree:prePrune +-- object-copy@0.1.0
20 silly idealTree:prePrune | +-- define-property@0.2.5
20 silly idealTree:prePrune | `-- kind-of@3.2.2
20 silly idealTree:prePrune +-- object-visit@1.0.1
20 silly idealTree:prePrune +-- object.defaults@1.1.0
20 silly idealTree:prePrune +-- object.map@1.0.1
20 silly idealTree:prePrune +-- object.pick@1.3.0
20 silly idealTree:prePrune +-- on-finished@2.3.0
20 silly idealTree:prePrune +-- once@1.3.3
20 silly idealTree:prePrune +-- orchestrator@0.3.8
20 silly idealTree:prePrune +-- ordered-read-streams@0.1.0
20 silly idealTree:prePrune +-- os-homedir@1.0.2
20 silly idealTree:prePrune +-- parse-filepath@1.0.2
20 silly idealTree:prePrune +-- parse-passwd@1.0.0
20 silly idealTree:prePrune +-- parseurl@1.3.2
20 silly idealTree:prePrune +-- pascalcase@0.1.1
20 silly idealTree:prePrune +-- path-parse@1.0.6
20 silly idealTree:prePrune +-- path-root-regex@0.1.2
20 silly idealTree:prePrune +-- path-root@0.1.1
20 silly idealTree:prePrune +-- pause-stream@0.0.11
20 silly idealTree:prePrune +-- posix-character-classes@0.1.1
20 silly idealTree:prePrune +-- pretty-hrtime@1.0.3
20 silly idealTree:prePrune +-- process-nextick-args@2.0.0
20 silly idealTree:prePrune +-- qs@6.5.2
20 silly idealTree:prePrune +-- range-parser@1.2.0
20 silly idealTree:prePrune +-- raw-body@1.1.7
20 silly idealTree:prePrune +-- readable-stream@1.1.14
20 silly idealTree:prePrune +-- rechoir@0.6.2
20 silly idealTree:prePrune +-- regex-not@1.0.2
20 silly idealTree:prePrune +-- remove-trailing-separator@1.1.0
20 silly idealTree:prePrune +-- repeat-element@1.1.3
20 silly idealTree:prePrune +-- repeat-string@1.6.1
20 silly idealTree:prePrune +-- replace-ext@0.0.1
20 silly idealTree:prePrune +-- resolve-dir@1.0.1
20 silly idealTree:prePrune +-- resolve-url@0.2.1
20 silly idealTree:prePrune +-- resolve@1.8.1
20 silly idealTree:prePrune +-- ret@0.1.15
20 silly idealTree:prePrune +-- safe-buffer@5.1.2
20 silly idealTree:prePrune +-- safe-json-parse@1.0.1
20 silly idealTree:prePrune +-- safe-regex@1.1.0
20 silly idealTree:prePrune +-- semver@4.3.6
20 silly idealTree:prePrune +-- send@0.16.2
20 silly idealTree:prePrune | `-- statuses@1.4.0
20 silly idealTree:prePrune +-- sequencify@0.0.7
20 silly idealTree:prePrune +-- serve-index@1.9.1
20 silly idealTree:prePrune +-- serve-static@1.13.2
20 silly idealTree:prePrune +-- set-value@2.0.0
20 silly idealTree:prePrune | `-- extend-shallow@2.0.1
20 silly idealTree:prePrune +-- setprototypeof@1.1.0
20 silly idealTree:prePrune +-- sigmund@1.0.1
20 silly idealTree:prePrune +-- snapdragon-node@2.1.1
20 silly idealTree:prePrune | +-- define-property@1.0.0
20 silly idealTree:prePrune | +-- is-accessor-descriptor@1.0.0
20 silly idealTree:prePrune | +-- is-data-descriptor@1.0.0
20 silly idealTree:prePrune | `-- is-descriptor@1.0.2
20 silly idealTree:prePrune +-- snapdragon-util@3.0.1
20 silly idealTree:prePrune | `-- kind-of@3.2.2
20 silly idealTree:prePrune +-- snapdragon@0.8.2
20 silly idealTree:prePrune | +-- define-property@0.2.5
20 silly idealTree:prePrune | `-- extend-shallow@2.0.1
20 silly idealTree:prePrune +-- source-map-resolve@0.5.2
20 silly idealTree:prePrune +-- source-map-url@0.4.0
20 silly idealTree:prePrune +-- source-map@0.5.7
20 silly idealTree:prePrune +-- sparkles@1.0.1
20 silly idealTree:prePrune +-- split-string@3.1.0
20 silly idealTree:prePrune +-- split@0.3.3
20 silly idealTree:prePrune +-- sprintf-js@1.0.3
20 silly idealTree:prePrune +-- static-extend@0.1.2
20 silly idealTree:prePrune | `-- define-property@0.2.5
20 silly idealTree:prePrune +-- statuses@1.3.1
20 silly idealTree:prePrune +-- stream-combiner@0.0.4
20 silly idealTree:prePrune +-- stream-consume@0.1.1
20 silly idealTree:prePrune +-- string_decoder@0.10.31
20 silly idealTree:prePrune +-- string-template@0.2.1
20 silly idealTree:prePrune +-- strip-ansi@3.0.1
20 silly idealTree:prePrune +-- strip-bom@1.0.0
20 silly idealTree:prePrune +-- supports-color@2.0.0
20 silly idealTree:prePrune +-- through@2.3.8
20 silly idealTree:prePrune +-- through2@2.0.3
20 silly idealTree:prePrune | +-- isarray@1.0.0
20 silly idealTree:prePrune | +-- readable-stream@2.3.6
20 silly idealTree:prePrune | `-- string_decoder@1.1.1
20 silly idealTree:prePrune +-- tildify@1.2.0
20 silly idealTree:prePrune +-- time-stamp@1.1.0
20 silly idealTree:prePrune +-- tiny-lr@1.1.1
20 silly idealTree:prePrune | +-- debug@3.1.0
20 silly idealTree:prePrune | `-- object-assign@4.1.1
20 silly idealTree:prePrune +-- to-object-path@0.3.0
20 silly idealTree:prePrune | `-- kind-of@3.2.2
20 silly idealTree:prePrune +-- to-regex-range@2.1.1
20 silly idealTree:prePrune +-- to-regex@3.0.2
20 silly idealTree:prePrune +-- unc-path-regex@0.1.2
20 silly idealTree:prePrune +-- union-value@1.0.0
20 silly idealTree:prePrune | +-- extend-shallow@2.0.1
20 silly idealTree:prePrune | `-- set-value@0.4.3
20 silly idealTree:prePrune +-- unique-stream@1.0.0
20 silly idealTree:prePrune +-- unpipe@1.0.0
20 silly idealTree:prePrune +-- unset-value@1.0.0
20 silly idealTree:prePrune | +-- has-value@0.3.1
20 silly idealTree:prePrune | | `-- isobject@2.1.0
20 silly idealTree:prePrune | +-- has-values@0.1.4
20 silly idealTree:prePrune | `-- isarray@1.0.0
20 silly idealTree:prePrune +-- urix@0.1.0
20 silly idealTree:prePrune +-- use@3.1.1
20 silly idealTree:prePrune +-- user-home@1.1.1
20 silly idealTree:prePrune +-- util-deprecate@1.0.2
20 silly idealTree:prePrune +-- utils-merge@1.0.1
20 silly idealTree:prePrune +-- v8flags@2.1.1
20 silly idealTree:prePrune +-- vinyl-fs@0.3.14
20 silly idealTree:prePrune | +-- clone@0.2.0
20 silly idealTree:prePrune | +-- readable-stream@1.0.34
20 silly idealTree:prePrune | +-- through2@0.6.5
20 silly idealTree:prePrune | `-- vinyl@0.4.6
20 silly idealTree:prePrune +-- vinyl@0.5.3
20 silly idealTree:prePrune +-- websocket-driver@0.7.0
20 silly idealTree:prePrune +-- websocket-extensions@0.1.3
20 silly idealTree:prePrune +-- which@1.3.1
20 silly idealTree:prePrune +-- wrappy@1.0.2
20 silly idealTree:prePrune `-- xtend@4.0.1
21 silly loadIdealTree Finishing
22 silly currentTree retailpanel@1.0.0
22 silly currentTree +-- accepts@1.3.5
22 silly currentTree +-- angular-cookies@1.7.4
22 silly currentTree +-- ansi-colors@2.0.5
22 silly currentTree +-- ansi-gray@0.1.1
22 silly currentTree +-- ansi-regex@2.1.1
22 silly currentTree +-- ansi-styles@2.2.1
22 silly currentTree +-- ansi-wrap@0.1.0
22 silly currentTree +-- archy@1.0.0
22 silly currentTree +-- argparse@1.0.10
22 silly currentTree +-- arr-diff@4.0.0
22 silly currentTree +-- arr-flatten@1.1.0
22 silly currentTree +-- arr-union@3.1.0
22 silly currentTree +-- array-differ@1.0.0
22 silly currentTree +-- array-each@1.0.1
22 silly currentTree +-- array-slice@1.1.0
22 silly currentTree +-- array-uniq@1.0.3
22 silly currentTree +-- array-unique@0.3.2
22 silly currentTree +-- assign-symbols@1.0.0
22 silly currentTree +-- atob@2.1.2
22 silly currentTree +-- balanced-match@1.0.0
22 silly currentTree +-- base@0.11.2
22 silly currentTree | +-- define-property@1.0.0
22 silly currentTree | +-- is-accessor-descriptor@1.0.0
22 silly currentTree | +-- is-data-descriptor@1.0.0
22 silly currentTree | `-- is-descriptor@1.0.2
22 silly currentTree +-- batch@0.6.1
22 silly currentTree +-- beeper@1.1.1
22 silly currentTree +-- body@5.1.0
22 silly currentTree +-- brace-expansion@1.1.11
22 silly currentTree +-- braces@2.3.2
22 silly currentTree | `-- extend-shallow@2.0.1
22 silly currentTree +-- bytes@1.0.0
22 silly currentTree +-- cache-base@1.0.1
22 silly currentTree +-- chalk@1.1.3
22 silly currentTree +-- class-utils@0.3.6
22 silly currentTree | `-- define-property@0.2.5
22 silly currentTree +-- clone-buffer@1.0.0
22 silly currentTree +-- clone-stats@0.0.1
22 silly currentTree +-- clone@1.0.4
22 silly currentTree +-- cloneable-readable@1.1.2
22 silly currentTree | +-- isarray@1.0.0
22 silly currentTree | +-- readable-stream@2.3.6
22 silly currentTree | `-- string_decoder@1.1.1
22 silly currentTree +-- collection-visit@1.0.0
22 silly currentTree +-- color-support@1.1.3
22 silly currentTree +-- component-emitter@1.2.1
22 silly currentTree +-- concat-map@0.0.1
22 silly currentTree +-- concat-with-sourcemaps@1.1.0
22 silly currentTree | `-- source-map@0.6.1
22 silly currentTree +-- connect-livereload@0.6.0
22 silly currentTree +-- connect@3.6.6
22 silly currentTree +-- continuable-cache@0.3.1
22 silly currentTree +-- copy-descriptor@0.1.1
22 silly currentTree +-- core-util-is@1.0.2
22 silly currentTree +-- dateformat@2.2.0
22 silly currentTree +-- debug@2.6.9
22 silly currentTree +-- decode-uri-component@0.2.0
22 silly currentTree +-- defaults@1.0.3
22 silly currentTree +-- define-property@2.0.2
22 silly currentTree | +-- is-accessor-descriptor@1.0.0
22 silly currentTree | +-- is-data-descriptor@1.0.0
22 silly currentTree | `-- is-descriptor@1.0.2
22 silly currentTree +-- depd@1.1.2
22 silly currentTree +-- deprecated@0.0.1
22 silly currentTree +-- destroy@1.0.4
22 silly currentTree +-- detect-file@1.0.0
22 silly currentTree +-- duplexer@0.1.1
22 silly currentTree +-- duplexer2@0.0.2
22 silly currentTree +-- ee-first@1.1.1
22 silly currentTree +-- encodeurl@1.0.2
22 silly currentTree +-- end-of-stream@0.1.5
22 silly currentTree +-- error@7.0.2
22 silly currentTree +-- escape-html@1.0.3
22 silly currentTree +-- escape-string-regexp@1.0.5
22 silly currentTree +-- esprima@4.0.1
22 silly currentTree +-- etag@1.8.1
22 silly currentTree +-- event-stream@3.3.4
22 silly currentTree +-- expand-brackets@2.1.4
22 silly currentTree | +-- define-property@0.2.5
22 silly currentTree | `-- extend-shallow@2.0.1
22 silly currentTree +-- expand-tilde@2.0.2
22 silly currentTree +-- extend-shallow@3.0.2
22 silly currentTree | `-- is-extendable@1.0.1
22 silly currentTree +-- extend@3.0.2
22 silly currentTree +-- extglob@2.0.4
22 silly currentTree | +-- define-property@1.0.0
22 silly currentTree | +-- extend-shallow@2.0.1
22 silly currentTree | +-- is-accessor-descriptor@1.0.0
22 silly currentTree | +-- is-data-descriptor@1.0.0
22 silly currentTree | `-- is-descriptor@1.0.2
22 silly currentTree +-- fancy-log@1.3.2
22 silly currentTree +-- faye-websocket@0.10.0
22 silly currentTree +-- fill-range@4.0.0
22 silly currentTree | `-- extend-shallow@2.0.1
22 silly currentTree +-- finalhandler@1.1.0
22 silly currentTree +-- find-index@0.1.1
22 silly currentTree +-- findup-sync@2.0.0
22 silly currentTree +-- fined@1.1.0
22 silly currentTree +-- first-chunk-stream@1.0.0
22 silly currentTree +-- flagged-respawn@1.0.0
22 silly currentTree +-- for-in@1.0.2
22 silly currentTree +-- for-own@1.0.0
22 silly currentTree +-- fragment-cache@0.2.1
22 silly currentTree +-- fresh@0.5.2
22 silly currentTree +-- from@0.1.7
22 silly currentTree +-- gaze@0.5.2
22 silly currentTree +-- get-value@2.0.6
22 silly currentTree +-- glob-stream@3.1.18
22 silly currentTree | +-- readable-stream@1.0.34
22 silly currentTree | `-- through2@0.6.5
22 silly currentTree +-- glob-watcher@0.0.6
22 silly currentTree +-- glob@4.5.3
22 silly currentTree +-- glob2base@0.0.12
22 silly currentTree +-- global-modules@1.0.0
22 silly currentTree +-- global-prefix@1.0.2
22 silly currentTree +-- globule@0.1.0
22 silly currentTree | +-- glob@3.1.21
22 silly currentTree | +-- graceful-fs@1.2.3
22 silly currentTree | +-- inherits@1.0.2
22 silly currentTree | `-- minimatch@0.2.14
22 silly currentTree +-- glogg@1.0.1
22 silly currentTree +-- graceful-fs@3.0.11
22 silly currentTree +-- gulp-concat@2.6.1
22 silly currentTree | +-- clone-stats@1.0.0
22 silly currentTree | +-- clone@2.1.2
22 silly currentTree | +-- replace-ext@1.0.0
22 silly currentTree | `-- vinyl@2.2.0
22 silly currentTree +-- gulp-connect@5.6.1
22 silly currentTree +-- gulp-ng-config@1.5.0
22 silly currentTree | `-- lodash@4.17.10
22 silly currentTree +-- gulp-util@3.0.8
22 silly currentTree +-- gulp@3.9.1
22 silly currentTree +-- gulplog@1.0.0
22 silly currentTree +-- has-ansi@2.0.0
22 silly currentTree +-- has-gulplog@0.1.0
22 silly currentTree +-- has-value@1.0.0
22 silly currentTree +-- has-values@1.0.0
22 silly currentTree | `-- kind-of@4.0.0
22 silly currentTree +-- homedir-polyfill@1.0.1
22 silly currentTree +-- http-errors@1.6.3
22 silly currentTree | `-- statuses@1.5.0
22 silly currentTree +-- http-parser-js@0.4.13
22 silly currentTree +-- inflight@1.0.6
22 silly currentTree +-- inherits@2.0.3
22 silly currentTree +-- ini@1.3.5
22 silly currentTree +-- interpret@1.1.0
22 silly currentTree +-- is-absolute@1.0.0
22 silly currentTree +-- is-accessor-descriptor@0.1.6
22 silly currentTree | `-- kind-of@3.2.2
22 silly currentTree +-- is-buffer@1.1.6
22 silly currentTree +-- is-data-descriptor@0.1.4
22 silly currentTree | `-- kind-of@3.2.2
22 silly currentTree +-- is-descriptor@0.1.6
22 silly currentTree | `-- kind-of@5.1.0
22 silly currentTree +-- is-extendable@0.1.1
22 silly currentTree +-- is-extglob@2.1.1
22 silly currentTree +-- is-glob@3.1.0
22 silly currentTree +-- is-number@3.0.0
22 silly currentTree | `-- kind-of@3.2.2
22 silly currentTree +-- is-plain-object@2.0.4
22 silly currentTree +-- is-relative@1.0.0
22 silly currentTree +-- is-unc-path@1.0.0
22 silly currentTree +-- is-utf8@0.2.1
22 silly currentTree +-- is-windows@1.0.2
22 silly currentTree +-- isarray@0.0.1
22 silly currentTree +-- isexe@2.0.0
22 silly currentTree +-- isobject@3.0.1
22 silly currentTree +-- js-yaml@3.12.0
22 silly currentTree +-- kind-of@6.0.2
22 silly currentTree +-- liftoff@2.5.0
22 silly currentTree +-- livereload-js@2.3.0
22 silly currentTree +-- lodash._basecopy@3.0.1
22 silly currentTree +-- lodash._basetostring@3.0.1
22 silly currentTree +-- lodash._basevalues@3.0.0
22 silly currentTree +-- lodash._getnative@3.9.1
22 silly currentTree +-- lodash._isiterateecall@3.0.9
22 silly currentTree +-- lodash._reescape@3.0.0
22 silly currentTree +-- lodash._reevaluate@3.0.0
22 silly currentTree +-- lodash._reinterpolate@3.0.0
22 silly currentTree +-- lodash._root@3.0.1
22 silly currentTree +-- lodash.escape@3.2.0
22 silly currentTree +-- lodash.isarguments@3.1.0
22 silly currentTree +-- lodash.isarray@3.0.4
22 silly currentTree +-- lodash.keys@3.1.2
22 silly currentTree +-- lodash.restparam@3.6.1
22 silly currentTree +-- lodash.template@3.6.2
22 silly currentTree +-- lodash.templatesettings@3.1.1
22 silly currentTree +-- lodash@1.0.2
22 silly currentTree +-- lru-cache@2.7.3
22 silly currentTree +-- make-iterator@1.0.1
22 silly currentTree +-- map-cache@0.2.2
22 silly currentTree +-- map-stream@0.1.0
22 silly currentTree +-- map-visit@1.0.0
22 silly currentTree +-- micromatch@3.1.10
22 silly currentTree +-- mime-db@1.36.0
22 silly currentTree +-- mime-types@2.1.20
22 silly currentTree +-- mime@1.4.1
22 silly currentTree +-- minimatch@2.0.10
22 silly currentTree +-- minimist@1.2.0
22 silly currentTree +-- mixin-deep@1.3.1
22 silly currentTree | `-- is-extendable@1.0.1
22 silly currentTree +-- mkdirp@0.5.1
22 silly currentTree | `-- minimist@0.0.8
22 silly currentTree +-- ms@2.0.0
22 silly currentTree +-- multipipe@0.1.2
22 silly currentTree +-- nanomatch@1.2.13
22 silly currentTree +-- natives@1.1.4
22 silly currentTree +-- negotiator@0.6.1
22 silly currentTree +-- object-assign@3.0.0
22 silly currentTree +-- object-copy@0.1.0
22 silly currentTree | +-- define-property@0.2.5
22 silly currentTree | `-- kind-of@3.2.2
22 silly currentTree +-- object-visit@1.0.1
22 silly currentTree +-- object.defaults@1.1.0
22 silly currentTree +-- object.map@1.0.1
22 silly currentTree +-- object.pick@1.3.0
22 silly currentTree +-- on-finished@2.3.0
22 silly currentTree +-- once@1.3.3
22 silly currentTree +-- orchestrator@0.3.8
22 silly currentTree +-- ordered-read-streams@0.1.0
22 silly currentTree +-- os-homedir@1.0.2
22 silly currentTree +-- parse-filepath@1.0.2
22 silly currentTree +-- parse-passwd@1.0.0
22 silly currentTree +-- parseurl@1.3.2
22 silly currentTree +-- pascalcase@0.1.1
22 silly currentTree +-- path-parse@1.0.6
22 silly currentTree +-- path-root-regex@0.1.2
22 silly currentTree +-- path-root@0.1.1
22 silly currentTree +-- pause-stream@0.0.11
22 silly currentTree +-- posix-character-classes@0.1.1
22 silly currentTree +-- pretty-hrtime@1.0.3
22 silly currentTree +-- process-nextick-args@2.0.0
22 silly currentTree +-- qs@6.5.2
22 silly currentTree +-- range-parser@1.2.0
22 silly currentTree +-- raw-body@1.1.7
22 silly currentTree +-- readable-stream@1.1.14
22 silly currentTree +-- rechoir@0.6.2
22 silly currentTree +-- regex-not@1.0.2
22 silly currentTree +-- remove-trailing-separator@1.1.0
22 silly currentTree +-- repeat-element@1.1.3
22 silly currentTree +-- repeat-string@1.6.1
22 silly currentTree +-- replace-ext@0.0.1
22 silly currentTree +-- resolve-dir@1.0.1
22 silly currentTree +-- resolve-url@0.2.1
22 silly currentTree +-- resolve@1.8.1
22 silly currentTree +-- ret@0.1.15
22 silly currentTree +-- safe-buffer@5.1.2
22 silly currentTree +-- safe-json-parse@1.0.1
22 silly currentTree +-- safe-regex@1.1.0
22 silly currentTree +-- semver@4.3.6
22 silly currentTree +-- send@0.16.2
22 silly currentTree | `-- statuses@1.4.0
22 silly currentTree +-- sequencify@0.0.7
22 silly currentTree +-- serve-index@1.9.1
22 silly currentTree +-- serve-static@1.13.2
22 silly currentTree +-- set-value@2.0.0
22 silly currentTree | `-- extend-shallow@2.0.1
22 silly currentTree +-- setprototypeof@1.1.0
22 silly currentTree +-- sigmund@1.0.1
22 silly currentTree +-- snapdragon-node@2.1.1
22 silly currentTree | +-- define-property@1.0.0
22 silly currentTree | +-- is-accessor-descriptor@1.0.0
22 silly currentTree | +-- is-data-descriptor@1.0.0
22 silly currentTree | `-- is-descriptor@1.0.2
22 silly currentTree +-- snapdragon-util@3.0.1
22 silly currentTree | `-- kind-of@3.2.2
22 silly currentTree +-- snapdragon@0.8.2
22 silly currentTree | +-- define-property@0.2.5
22 silly currentTree | `-- extend-shallow@2.0.1
22 silly currentTree +-- source-map-resolve@0.5.2
22 silly currentTree +-- source-map-url@0.4.0
22 silly currentTree +-- source-map@0.5.7
22 silly currentTree +-- sparkles@1.0.1
22 silly currentTree +-- split-string@3.1.0
22 silly currentTree +-- split@0.3.3
22 silly currentTree +-- sprintf-js@1.0.3
22 silly currentTree +-- static-extend@0.1.2
22 silly currentTree | `-- define-property@0.2.5
22 silly currentTree +-- statuses@1.3.1
22 silly currentTree +-- stream-combiner@0.0.4
22 silly currentTree +-- stream-consume@0.1.1
22 silly currentTree +-- string_decoder@0.10.31
22 silly currentTree +-- string-template@0.2.1
22 silly currentTree +-- strip-ansi@3.0.1
22 silly currentTree +-- strip-bom@1.0.0
22 silly currentTree +-- supports-color@2.0.0
22 silly currentTree +-- through@2.3.8
22 silly currentTree +-- through2@2.0.3
22 silly currentTree | +-- isarray@1.0.0
22 silly currentTree | +-- readable-stream@2.3.6
22 silly currentTree | `-- string_decoder@1.1.1
22 silly currentTree +-- tildify@1.2.0
22 silly currentTree +-- time-stamp@1.1.0
22 silly currentTree +-- tiny-lr@1.1.1
22 silly currentTree | +-- debug@3.1.0
22 silly currentTree | `-- object-assign@4.1.1
22 silly currentTree +-- to-object-path@0.3.0
22 silly currentTree | `-- kind-of@3.2.2
22 silly currentTree +-- to-regex-range@2.1.1
22 silly currentTree +-- to-regex@3.0.2
22 silly currentTree +-- unc-path-regex@0.1.2
22 silly currentTree +-- union-value@1.0.0
22 silly currentTree | +-- extend-shallow@2.0.1
22 silly currentTree | `-- set-value@0.4.3
22 silly currentTree +-- unique-stream@1.0.0
22 silly currentTree +-- unpipe@1.0.0
22 silly currentTree +-- unset-value@1.0.0
22 silly currentTree | +-- has-value@0.3.1
22 silly currentTree | | `-- isobject@2.1.0
22 silly currentTree | +-- has-values@0.1.4
22 silly currentTree | `-- isarray@1.0.0
22 silly currentTree +-- urix@0.1.0
22 silly currentTree +-- use@3.1.1
22 silly currentTree +-- user-home@1.1.1
22 silly currentTree +-- util-deprecate@1.0.2
22 silly currentTree +-- utils-merge@1.0.1
22 silly currentTree +-- v8flags@2.1.1
22 silly currentTree +-- vinyl-fs@0.3.14
22 silly currentTree | +-- clone@0.2.0
22 silly currentTree | +-- readable-stream@1.0.34
22 silly currentTree | +-- through2@0.6.5
22 silly currentTree | `-- vinyl@0.4.6
22 silly currentTree +-- vinyl@0.5.3
22 silly currentTree +-- websocket-driver@0.7.0
22 silly currentTree +-- websocket-extensions@0.1.3
22 silly currentTree +-- which@1.3.1
22 silly currentTree +-- wrappy@1.0.2
22 silly currentTree `-- xtend@4.0.1
23 silly idealTree retailpanel@1.0.0
23 silly idealTree +-- accepts@1.3.5
23 silly idealTree +-- angular-cookies@1.7.4
23 silly idealTree +-- ansi-colors@2.0.5
23 silly idealTree +-- ansi-gray@0.1.1
23 silly idealTree +-- ansi-regex@2.1.1
23 silly idealTree +-- ansi-styles@2.2.1
23 silly idealTree +-- ansi-wrap@0.1.0
23 silly idealTree +-- archy@1.0.0
23 silly idealTree +-- argparse@1.0.10
23 silly idealTree +-- arr-diff@4.0.0
23 silly idealTree +-- arr-flatten@1.1.0
23 silly idealTree +-- arr-union@3.1.0
23 silly idealTree +-- array-differ@1.0.0
23 silly idealTree +-- array-each@1.0.1
23 silly idealTree +-- array-slice@1.1.0
23 silly idealTree +-- array-uniq@1.0.3
23 silly idealTree +-- array-unique@0.3.2
23 silly idealTree +-- assign-symbols@1.0.0
23 silly idealTree +-- atob@2.1.2
23 silly idealTree +-- balanced-match@1.0.0
23 silly idealTree +-- base@0.11.2
23 silly idealTree | +-- define-property@1.0.0
23 silly idealTree | +-- is-accessor-descriptor@1.0.0
23 silly idealTree | +-- is-data-descriptor@1.0.0
23 silly idealTree | `-- is-descriptor@1.0.2
23 silly idealTree +-- batch@0.6.1
23 silly idealTree +-- beeper@1.1.1
23 silly idealTree +-- body@5.1.0
23 silly idealTree +-- brace-expansion@1.1.11
23 silly idealTree +-- braces@2.3.2
23 silly idealTree | `-- extend-shallow@2.0.1
23 silly idealTree +-- bytes@1.0.0
23 silly idealTree +-- cache-base@1.0.1
23 silly idealTree +-- chalk@1.1.3
23 silly idealTree +-- class-utils@0.3.6
23 silly idealTree | `-- define-property@0.2.5
23 silly idealTree +-- clone-buffer@1.0.0
23 silly idealTree +-- clone-stats@0.0.1
23 silly idealTree +-- clone@1.0.4
23 silly idealTree +-- cloneable-readable@1.1.2
23 silly idealTree | +-- isarray@1.0.0
23 silly idealTree | +-- readable-stream@2.3.6
23 silly idealTree | `-- string_decoder@1.1.1
23 silly idealTree +-- collection-visit@1.0.0
23 silly idealTree +-- color-support@1.1.3
23 silly idealTree +-- component-emitter@1.2.1
23 silly idealTree +-- concat-map@0.0.1
23 silly idealTree +-- concat-with-sourcemaps@1.1.0
23 silly idealTree | `-- source-map@0.6.1
23 silly idealTree +-- connect-livereload@0.6.0
23 silly idealTree +-- connect@3.6.6
23 silly idealTree +-- continuable-cache@0.3.1
23 silly idealTree +-- copy-descriptor@0.1.1
23 silly idealTree +-- core-util-is@1.0.2
23 silly idealTree +-- dateformat@2.2.0
23 silly idealTree +-- debug@2.6.9
23 silly idealTree +-- decode-uri-component@0.2.0
23 silly idealTree +-- defaults@1.0.3
23 silly idealTree +-- define-property@2.0.2
23 silly idealTree | +-- is-accessor-descriptor@1.0.0
23 silly idealTree | +-- is-data-descriptor@1.0.0
23 silly idealTree | `-- is-descriptor@1.0.2
23 silly idealTree +-- depd@1.1.2
23 silly idealTree +-- deprecated@0.0.1
23 silly idealTree +-- destroy@1.0.4
23 silly idealTree +-- detect-file@1.0.0
23 silly idealTree +-- duplexer@0.1.1
23 silly idealTree +-- duplexer2@0.0.2
23 silly idealTree +-- ee-first@1.1.1
23 silly idealTree +-- encodeurl@1.0.2
23 silly idealTree +-- end-of-stream@0.1.5
23 silly idealTree +-- error@7.0.2
23 silly idealTree +-- escape-html@1.0.3
23 silly idealTree +-- escape-string-regexp@1.0.5
23 silly idealTree +-- esprima@4.0.1
23 silly idealTree +-- etag@1.8.1
23 silly idealTree +-- event-stream@3.3.4
23 silly idealTree +-- expand-brackets@2.1.4
23 silly idealTree | +-- define-property@0.2.5
23 silly idealTree | `-- extend-shallow@2.0.1
23 silly idealTree +-- expand-tilde@2.0.2
23 silly idealTree +-- extend-shallow@3.0.2
23 silly idealTree | `-- is-extendable@1.0.1
23 silly idealTree +-- extend@3.0.2
23 silly idealTree +-- extglob@2.0.4
23 silly idealTree | +-- define-property@1.0.0
23 silly idealTree | +-- extend-shallow@2.0.1
23 silly idealTree | +-- is-accessor-descriptor@1.0.0
23 silly idealTree | +-- is-data-descriptor@1.0.0
23 silly idealTree | `-- is-descriptor@1.0.2
23 silly idealTree +-- fancy-log@1.3.2
23 silly idealTree +-- faye-websocket@0.10.0
23 silly idealTree +-- fill-range@4.0.0
23 silly idealTree | `-- extend-shallow@2.0.1
23 silly idealTree +-- finalhandler@1.1.0
23 silly idealTree +-- find-index@0.1.1
23 silly idealTree +-- findup-sync@2.0.0
23 silly idealTree +-- fined@1.1.0
23 silly idealTree +-- first-chunk-stream@1.0.0
23 silly idealTree +-- flagged-respawn@1.0.0
23 silly idealTree +-- for-in@1.0.2
23 silly idealTree +-- for-own@1.0.0
23 silly idealTree +-- fragment-cache@0.2.1
23 silly idealTree +-- fresh@0.5.2
23 silly idealTree +-- from@0.1.7
23 silly idealTree +-- gaze@0.5.2
23 silly idealTree +-- get-value@2.0.6
23 silly idealTree +-- glob-stream@3.1.18
23 silly idealTree | +-- readable-stream@1.0.34
23 silly idealTree | `-- through2@0.6.5
23 silly idealTree +-- glob-watcher@0.0.6
23 silly idealTree +-- glob@4.5.3
23 silly idealTree +-- glob2base@0.0.12
23 silly idealTree +-- global-modules@1.0.0
23 silly idealTree +-- global-prefix@1.0.2
23 silly idealTree +-- globule@0.1.0
23 silly idealTree | +-- glob@3.1.21
23 silly idealTree | +-- graceful-fs@1.2.3
23 silly idealTree | +-- inherits@1.0.2
23 silly idealTree | `-- minimatch@0.2.14
23 silly idealTree +-- glogg@1.0.1
23 silly idealTree +-- graceful-fs@3.0.11
23 silly idealTree +-- gulp-concat@2.6.1
23 silly idealTree | +-- clone-stats@1.0.0
23 silly idealTree | +-- clone@2.1.2
23 silly idealTree | +-- replace-ext@1.0.0
23 silly idealTree | `-- vinyl@2.2.0
23 silly idealTree +-- gulp-connect@5.6.1
23 silly idealTree +-- gulp-ng-config@1.5.0
23 silly idealTree | `-- lodash@4.17.10
23 silly idealTree +-- gulp-util@3.0.8
23 silly idealTree +-- gulp@3.9.1
23 silly idealTree +-- gulplog@1.0.0
23 silly idealTree +-- has-ansi@2.0.0
23 silly idealTree +-- has-gulplog@0.1.0
23 silly idealTree +-- has-value@1.0.0
23 silly idealTree +-- has-values@1.0.0
23 silly idealTree | `-- kind-of@4.0.0
23 silly idealTree +-- homedir-polyfill@1.0.1
23 silly idealTree +-- http-errors@1.6.3
23 silly idealTree | `-- statuses@1.5.0
23 silly idealTree +-- http-parser-js@0.4.13
23 silly idealTree +-- inflight@1.0.6
23 silly idealTree +-- inherits@2.0.3
23 silly idealTree +-- ini@1.3.5
23 silly idealTree +-- interpret@1.1.0
23 silly idealTree +-- is-absolute@1.0.0
23 silly idealTree +-- is-accessor-descriptor@0.1.6
23 silly idealTree | `-- kind-of@3.2.2
23 silly idealTree +-- is-buffer@1.1.6
23 silly idealTree +-- is-data-descriptor@0.1.4
23 silly idealTree | `-- kind-of@3.2.2
23 silly idealTree +-- is-descriptor@0.1.6
23 silly idealTree | `-- kind-of@5.1.0
23 silly idealTree +-- is-extendable@0.1.1
23 silly idealTree +-- is-extglob@2.1.1
23 silly idealTree +-- is-glob@3.1.0
23 silly idealTree +-- is-number@3.0.0
23 silly idealTree | `-- kind-of@3.2.2
23 silly idealTree +-- is-plain-object@2.0.4
23 silly idealTree +-- is-relative@1.0.0
23 silly idealTree +-- is-unc-path@1.0.0
23 silly idealTree +-- is-utf8@0.2.1
23 silly idealTree +-- is-windows@1.0.2
23 silly idealTree +-- isarray@0.0.1
23 silly idealTree +-- isexe@2.0.0
23 silly idealTree +-- isobject@3.0.1
23 silly idealTree +-- js-yaml@3.12.0
23 silly idealTree +-- kind-of@6.0.2
23 silly idealTree +-- liftoff@2.5.0
23 silly idealTree +-- livereload-js@2.3.0
23 silly idealTree +-- lodash._basecopy@3.0.1
23 silly idealTree +-- lodash._basetostring@3.0.1
23 silly idealTree +-- lodash._basevalues@3.0.0
23 silly idealTree +-- lodash._getnative@3.9.1
23 silly idealTree +-- lodash._isiterateecall@3.0.9
23 silly idealTree +-- lodash._reescape@3.0.0
23 silly idealTree +-- lodash._reevaluate@3.0.0
23 silly idealTree +-- lodash._reinterpolate@3.0.0
23 silly idealTree +-- lodash._root@3.0.1
23 silly idealTree +-- lodash.escape@3.2.0
23 silly idealTree +-- lodash.isarguments@3.1.0
23 silly idealTree +-- lodash.isarray@3.0.4
23 silly idealTree +-- lodash.keys@3.1.2
23 silly idealTree +-- lodash.restparam@3.6.1
23 silly idealTree +-- lodash.template@3.6.2
23 silly idealTree +-- lodash.templatesettings@3.1.1
23 silly idealTree +-- lodash@1.0.2
23 silly idealTree +-- lru-cache@2.7.3
23 silly idealTree +-- make-iterator@1.0.1
23 silly idealTree +-- map-cache@0.2.2
23 silly idealTree +-- map-stream@0.1.0
23 silly idealTree +-- map-visit@1.0.0
23 silly idealTree +-- micromatch@3.1.10
23 silly idealTree +-- mime-db@1.36.0
23 silly idealTree +-- mime-types@2.1.20
23 silly idealTree +-- mime@1.4.1
23 silly idealTree +-- minimatch@2.0.10
23 silly idealTree +-- minimist@1.2.0
23 silly idealTree +-- mixin-deep@1.3.1
23 silly idealTree | `-- is-extendable@1.0.1
23 silly idealTree +-- mkdirp@0.5.1
23 silly idealTree | `-- minimist@0.0.8
23 silly idealTree +-- ms@2.0.0
23 silly idealTree +-- multipipe@0.1.2
23 silly idealTree +-- nanomatch@1.2.13
23 silly idealTree +-- natives@1.1.4
23 silly idealTree +-- negotiator@0.6.1
23 silly idealTree +-- object-assign@3.0.0
23 silly idealTree +-- object-copy@0.1.0
23 silly idealTree | +-- define-property@0.2.5
23 silly idealTree | `-- kind-of@3.2.2
23 silly idealTree +-- object-visit@1.0.1
23 silly idealTree +-- object.defaults@1.1.0
23 silly idealTree +-- object.map@1.0.1
23 silly idealTree +-- object.pick@1.3.0
23 silly idealTree +-- on-finished@2.3.0
23 silly idealTree +-- once@1.3.3
23 silly idealTree +-- orchestrator@0.3.8
23 silly idealTree +-- ordered-read-streams@0.1.0
23 silly idealTree +-- os-homedir@1.0.2
23 silly idealTree +-- parse-filepath@1.0.2
23 silly idealTree +-- parse-passwd@1.0.0
23 silly idealTree +-- parseurl@1.3.2
23 silly idealTree +-- pascalcase@0.1.1
23 silly idealTree +-- path-parse@1.0.6
23 silly idealTree +-- path-root-regex@0.1.2
23 silly idealTree +-- path-root@0.1.1
23 silly idealTree +-- pause-stream@0.0.11
23 silly idealTree +-- posix-character-classes@0.1.1
23 silly idealTree +-- pretty-hrtime@1.0.3
23 silly idealTree +-- process-nextick-args@2.0.0
23 silly idealTree +-- qs@6.5.2
23 silly idealTree +-- range-parser@1.2.0
23 silly idealTree +-- raw-body@1.1.7
23 silly idealTree +-- readable-stream@1.1.14
23 silly idealTree +-- rechoir@0.6.2
23 silly idealTree +-- regex-not@1.0.2
23 silly idealTree +-- remove-trailing-separator@1.1.0
23 silly idealTree +-- repeat-element@1.1.3
23 silly idealTree +-- repeat-string@1.6.1
23 silly idealTree +-- replace-ext@0.0.1
23 silly idealTree +-- resolve-dir@1.0.1
23 silly idealTree +-- resolve-url@0.2.1
23 silly idealTree +-- resolve@1.8.1
23 silly idealTree +-- ret@0.1.15
23 silly idealTree +-- safe-buffer@5.1.2
23 silly idealTree +-- safe-json-parse@1.0.1
23 silly idealTree +-- safe-regex@1.1.0
23 silly idealTree +-- semver@4.3.6
23 silly idealTree +-- send@0.16.2
23 silly idealTree | `-- statuses@1.4.0
23 silly idealTree +-- sequencify@0.0.7
23 silly idealTree +-- serve-index@1.9.1
23 silly idealTree +-- serve-static@1.13.2
23 silly idealTree +-- set-value@2.0.0
23 silly idealTree | `-- extend-shallow@2.0.1
23 silly idealTree +-- setprototypeof@1.1.0
23 silly idealTree +-- sigmund@1.0.1
23 silly idealTree +-- snapdragon-node@2.1.1
23 silly idealTree | +-- define-property@1.0.0
23 silly idealTree | +-- is-accessor-descriptor@1.0.0
23 silly idealTree | +-- is-data-descriptor@1.0.0
23 silly idealTree | `-- is-descriptor@1.0.2
23 silly idealTree +-- snapdragon-util@3.0.1
23 silly idealTree | `-- kind-of@3.2.2
23 silly idealTree +-- snapdragon@0.8.2
23 silly idealTree | +-- define-property@0.2.5
23 silly idealTree | `-- extend-shallow@2.0.1
23 silly idealTree +-- source-map-resolve@0.5.2
23 silly idealTree +-- source-map-url@0.4.0
23 silly idealTree +-- source-map@0.5.7
23 silly idealTree +-- sparkles@1.0.1
23 silly idealTree +-- split-string@3.1.0
23 silly idealTree +-- split@0.3.3
23 silly idealTree +-- sprintf-js@1.0.3
23 silly idealTree +-- static-extend@0.1.2
23 silly idealTree | `-- define-property@0.2.5
23 silly idealTree +-- statuses@1.3.1
23 silly idealTree +-- stream-combiner@0.0.4
23 silly idealTree +-- stream-consume@0.1.1
23 silly idealTree +-- string_decoder@0.10.31
23 silly idealTree +-- string-template@0.2.1
23 silly idealTree +-- strip-ansi@3.0.1
23 silly idealTree +-- strip-bom@1.0.0
23 silly idealTree +-- supports-color@2.0.0
23 silly idealTree +-- through@2.3.8
23 silly idealTree +-- through2@2.0.3
23 silly idealTree | +-- isarray@1.0.0
23 silly idealTree | +-- readable-stream@2.3.6
23 silly idealTree | `-- string_decoder@1.1.1
23 silly idealTree +-- tildify@1.2.0
23 silly idealTree +-- time-stamp@1.1.0
23 silly idealTree +-- tiny-lr@1.1.1
23 silly idealTree | +-- debug@3.1.0
23 silly idealTree | `-- object-assign@4.1.1
23 silly idealTree +-- to-object-path@0.3.0
23 silly idealTree | `-- kind-of@3.2.2
23 silly idealTree +-- to-regex-range@2.1.1
23 silly idealTree +-- to-regex@3.0.2
23 silly idealTree +-- unc-path-regex@0.1.2
23 silly idealTree +-- union-value@1.0.0
23 silly idealTree | +-- extend-shallow@2.0.1
23 silly idealTree | `-- set-value@0.4.3
23 silly idealTree +-- unique-stream@1.0.0
23 silly idealTree +-- unpipe@1.0.0
23 silly idealTree +-- unset-value@1.0.0
23 silly idealTree | +-- has-value@0.3.1
23 silly idealTree | | `-- isobject@2.1.0
23 silly idealTree | +-- has-values@0.1.4
23 silly idealTree | `-- isarray@1.0.0
23 silly idealTree +-- urix@0.1.0
23 silly idealTree +-- use@3.1.1
23 silly idealTree +-- user-home@1.1.1
23 silly idealTree +-- util-deprecate@1.0.2
23 silly idealTree +-- utils-merge@1.0.1
23 silly idealTree +-- v8flags@2.1.1
23 silly idealTree +-- vinyl-fs@0.3.14
23 silly idealTree | +-- clone@0.2.0
23 silly idealTree | +-- readable-stream@1.0.34
23 silly idealTree | +-- through2@0.6.5
23 silly idealTree | `-- vinyl@0.4.6
23 silly idealTree +-- vinyl@0.5.3
23 silly idealTree +-- websocket-driver@0.7.0
23 silly idealTree +-- websocket-extensions@0.1.3
23 silly idealTree +-- which@1.3.1
23 silly idealTree +-- wrappy@1.0.2
23 silly idealTree `-- xtend@4.0.1
24 silly generateActionsToTake Starting
25 silly install generateActionsToTake
26 silly generateActionsToTake Finishing
27 silly diffTrees action count 2
28 silly diffTrees update angular-cookies@1.7.4
29 silly diffTrees update gulp@3.9.1
30 silly decomposeActions action count 16
31 silly decomposeActions fetch angular-cookies@1.7.4
32 silly decomposeActions extract angular-cookies@1.7.4
33 silly decomposeActions test angular-cookies@1.7.4
34 silly decomposeActions preinstall angular-cookies@1.7.4
35 silly decomposeActions build angular-cookies@1.7.4
36 silly decomposeActions install angular-cookies@1.7.4
37 silly decomposeActions postinstall angular-cookies@1.7.4
38 silly decomposeActions finalize angular-cookies@1.7.4
39 silly decomposeActions fetch gulp@3.9.1
40 silly decomposeActions extract gulp@3.9.1
41 silly decomposeActions test gulp@3.9.1
42 silly decomposeActions preinstall gulp@3.9.1
43 silly decomposeActions build gulp@3.9.1
44 silly decomposeActions install gulp@3.9.1
45 silly decomposeActions postinstall gulp@3.9.1
46 silly decomposeActions finalize gulp@3.9.1
47 silly executeActions Starting
48 silly install executeActions
49 silly doSerial global-install 0
50 silly doParallel fetch 2
51 verbose lock using /home/anish/.npm/_locks/staging-d03a8aa99e2668d2.lock for /media/anish/83D5-30C8/fancymonk_work/webapps/retailPanel/node_modules/.staging
52 silly doParallel extract 2
53 silly extract angular-cookies@1.7.4
54 silly extract gulp@3.9.1
55 silly addNamed angular-cookies@1.7.4
56 verbose addNamed "1.7.4" is a plain semver version for angular-cookies
57 silly mapToRegistry name angular-cookies
58 silly mapToRegistry using default registry
59 silly mapToRegistry registry https://registry.npmjs.org/
60 silly mapToRegistry uri https://registry.npmjs.org/angular-cookies
61 verbose addNameVersion registry:https://registry.npmjs.org/angular-cookies not in flight; fetching
62 verbose request uri https://registry.npmjs.org/angular-cookies
63 verbose request no auth needed
64 info attempt registry request try #1 at 11:41:57 AM
65 verbose request id 805f39147f3b10b2
66 http request GET https://registry.npmjs.org/angular-cookies
67 verbose unbuild node_modules/.staging/gulp-c308fb41
68 silly gentlyRm /media/anish/83D5-30C8/fancymonk_work/webapps/retailPanel/node_modules/.staging/gulp-c308fb41 is being purged from base /media/anish/83D5-30C8/fancymonk_work/webapps/retailPanel
69 verbose gentlyRm don't care about contents; nuking /media/anish/83D5-30C8/fancymonk_work/webapps/retailPanel/node_modules/.staging/gulp-c308fb41
70 verbose tar unpack /home/anish/.npm/gulp/3.9.1/package.tgz
71 verbose tar unpacking to /media/anish/83D5-30C8/fancymonk_work/webapps/retailPanel/node_modules/.staging/gulp-c308fb41
72 silly gentlyRm /media/anish/83D5-30C8/fancymonk_work/webapps/retailPanel/node_modules/.staging/gulp-c308fb41 is being purged
73 verbose gentlyRm don't care about contents; nuking /media/anish/83D5-30C8/fancymonk_work/webapps/retailPanel/node_modules/.staging/gulp-c308fb41
74 silly gunzTarPerm modes [ '755', '644' ]
75 silly gunzTarPerm extractEntry package.json
76 silly gunzTarPerm extractEntry README.md
77 silly gunzTarPerm extractEntry LICENSE
78 silly gunzTarPerm extractEntry index.js
79 silly gunzTarPerm extractEntry CHANGELOG.md
80 silly gunzTarPerm extractEntry bin/gulp.js
81 silly gunzTarPerm extractEntry completion/README.md
82 silly gunzTarPerm extractEntry completion/bash
83 silly gunzTarPerm extractEntry completion/fish
84 silly gunzTarPerm extractEntry completion/powershell
85 silly gunzTarPerm extractEntry completion/zsh
86 silly gunzTarPerm extractEntry gulp.1
87 silly gunzTarPerm extractEntry lib/completion.js
88 silly gunzTarPerm extractEntry lib/taskTree.js
89 silly gentlyRm /media/anish/83D5-30C8/fancymonk_work/webapps/retailPanel/node_modules/.staging/gulp-c308fb41/node_modules is being purged
90 verbose gentlyRm don't care about contents; nuking /media/anish/83D5-30C8/fancymonk_work/webapps/retailPanel/node_modules/.staging/gulp-c308fb41/node_modules
91 http 200 https://registry.npmjs.org/angular-cookies
92 verbose headers { date: 'Wed, 28 Nov 2018 06:11:58 GMT',
92 verbose headers   'content-type': 'application/json',
92 verbose headers   'transfer-encoding': 'chunked',
92 verbose headers   connection: 'keep-alive',
92 verbose headers   'set-cookie':
92 verbose headers    [ '__cfduid=d80229791b8629c6af8253d8ca305257f1543385518; expires=Thu, 28-Nov-19 06:11:58 GMT; path=/; domain=.registry.npmjs.org; HttpOnly' ],
92 verbose headers   'cf-cache-status': 'HIT',
92 verbose headers   'cache-control': 'max-age=300',
92 verbose headers   'cf-ray': '480aae1fe9b78a79-BOM',
92 verbose headers   etag: 'W/"232f953e523fc3fd9ba065e67ccf83a6"',
92 verbose headers   'expect-ct': 'max-age=604800, report-uri="https://report-uri.cloudflare.com/cdn-cgi/beacon/expect-ct"',
92 verbose headers   'last-modified': 'Thu, 04 Oct 2018 14:17:43 GMT',
92 verbose headers   vary: 'accept-encoding, accept',
92 verbose headers   'x-amz-meta-rev': '198-e560ded6bd34a9ad126b7d54836b7f18',
92 verbose headers   server: 'cloudflare',
92 verbose headers   'content-encoding': 'gzip' }
93 silly get cb [ 200,
93 silly get   { date: 'Wed, 28 Nov 2018 06:11:58 GMT',
93 silly get     'content-type': 'application/json',
93 silly get     'transfer-encoding': 'chunked',
93 silly get     connection: 'keep-alive',
93 silly get     'set-cookie':
93 silly get      [ '__cfduid=d80229791b8629c6af8253d8ca305257f1543385518; expires=Thu, 28-Nov-19 06:11:58 GMT; path=/; domain=.registry.npmjs.org; HttpOnly' ],
93 silly get     'cf-cache-status': 'HIT',
93 silly get     'cache-control': 'max-age=300',
93 silly get     'cf-ray': '480aae1fe9b78a79-BOM',
93 silly get     etag: 'W/"232f953e523fc3fd9ba065e67ccf83a6"',
93 silly get     'expect-ct': 'max-age=604800, report-uri="https://report-uri.cloudflare.com/cdn-cgi/beacon/expect-ct"',
93 silly get     'last-modified': 'Thu, 04 Oct 2018 14:17:43 GMT',
93 silly get     vary: 'accept-encoding, accept',
93 silly get     'x-amz-meta-rev': '198-e560ded6bd34a9ad126b7d54836b7f18',
93 silly get     server: 'cloudflare',
93 silly get     'content-encoding': 'gzip' } ]
94 verbose get saving angular-cookies to /home/anish/.npm/registry.npmjs.org/angular-cookies/.cache.json
95 silly mapToRegistry name angular-cookies
96 silly mapToRegistry using default registry
97 silly mapToRegistry registry https://registry.npmjs.org/
98 silly mapToRegistry uri https://registry.npmjs.org/angular-cookies
99 verbose addRemoteTarball https://registry.npmjs.org/angular-cookies/-/angular-cookies-1.7.4.tgz not in flight; adding
100 verbose addRemoteTarball [ 'https://registry.npmjs.org/angular-cookies/-/angular-cookies-1.7.4.tgz',
100 verbose addRemoteTarball   'f234ba50bfc03b18fe5bc15390002d45c5ce3e78' ]
101 info retry fetch attempt 1 at 11:41:58 AM
102 info attempt registry request try #1 at 11:41:58 AM
103 http fetch GET https://registry.npmjs.org/angular-cookies/-/angular-cookies-1.7.4.tgz
104 http fetch 200 https://registry.npmjs.org/angular-cookies/-/angular-cookies-1.7.4.tgz
105 silly fetchAndShaCheck shasum f234ba50bfc03b18fe5bc15390002d45c5ce3e78
106 verbose addTmpTarball /tmp/npm-11448-489e4204/registry.npmjs.org/angular-cookies/-/angular-cookies-1.7.4.tgz not in flight; adding
107 verbose addTmpTarball already have metadata; skipping unpack for angular-cookies@1.7.4
108 verbose unbuild node_modules/.staging/angular-cookies-88049842
109 silly gentlyRm /media/anish/83D5-30C8/fancymonk_work/webapps/retailPanel/node_modules/.staging/angular-cookies-88049842 is being purged from base /media/anish/83D5-30C8/fancymonk_work/webapps/retailPanel
110 verbose gentlyRm don't care about contents; nuking /media/anish/83D5-30C8/fancymonk_work/webapps/retailPanel/node_modules/.staging/angular-cookies-88049842
111 verbose tar unpack /home/anish/.npm/angular-cookies/1.7.4/package.tgz
112 verbose tar unpacking to /media/anish/83D5-30C8/fancymonk_work/webapps/retailPanel/node_modules/.staging/angular-cookies-88049842
113 silly gentlyRm /media/anish/83D5-30C8/fancymonk_work/webapps/retailPanel/node_modules/.staging/angular-cookies-88049842 is being purged
114 verbose gentlyRm don't care about contents; nuking /media/anish/83D5-30C8/fancymonk_work/webapps/retailPanel/node_modules/.staging/angular-cookies-88049842
115 silly gunzTarPerm modes [ '755', '644' ]
116 silly gunzTarPerm extractEntry package.json
117 silly gunzTarPerm extractEntry angular-cookies.js
118 silly gunzTarPerm extractEntry angular-cookies.min.js
119 silly gunzTarPerm extractEntry angular-cookies.min.js.map
120 silly gunzTarPerm extractEntry bower.json
121 silly gunzTarPerm extractEntry index.js
122 silly gunzTarPerm extractEntry LICENSE.md
123 silly gunzTarPerm extractEntry README.md
124 silly gentlyRm /media/anish/83D5-30C8/fancymonk_work/webapps/retailPanel/node_modules/.staging/angular-cookies-88049842/node_modules is being purged
125 verbose gentlyRm don't care about contents; nuking /media/anish/83D5-30C8/fancymonk_work/webapps/retailPanel/node_modules/.staging/angular-cookies-88049842/node_modules
126 silly doParallel preinstall 2
127 silly preinstall angular-cookies@1.7.4 /media/anish/83D5-30C8/fancymonk_work/webapps/retailPanel/node_modules/.staging/angular-cookies-88049842
128 info lifecycle angular-cookies@1.7.4~preinstall: angular-cookies@1.7.4
129 silly preinstall gulp@3.9.1 /media/anish/83D5-30C8/fancymonk_work/webapps/retailPanel/node_modules/.staging/gulp-c308fb41
130 info lifecycle gulp@3.9.1~preinstall: gulp@3.9.1
131 silly lifecycle angular-cookies@1.7.4~preinstall: no script for preinstall, continuing
132 silly lifecycle gulp@3.9.1~preinstall: no script for preinstall, continuing
133 silly doReverseSerial remove 0
134 silly doSerial move 0
135 silly doSerial finalize 2
136 silly finalize /media/anish/83D5-30C8/fancymonk_work/webapps/retailPanel/node_modules/angular-cookies
137 silly finalize /media/anish/83D5-30C8/fancymonk_work/webapps/retailPanel/node_modules/gulp
138 silly doSerial build 2
139 silly build angular-cookies@1.7.4
140 info linkStuff angular-cookies@1.7.4
141 silly linkStuff angular-cookies@1.7.4 has /media/anish/83D5-30C8/fancymonk_work/webapps/retailPanel/node_modules as its parent node_modules
142 verbose linkBins angular-cookies@1.7.4
143 verbose linkMans angular-cookies@1.7.4
144 silly build gulp@3.9.1
145 info linkStuff gulp@3.9.1
146 silly linkStuff gulp@3.9.1 has /media/anish/83D5-30C8/fancymonk_work/webapps/retailPanel/node_modules as its parent node_modules
147 verbose linkBins gulp@3.9.1
148 verbose link bins [ { gulp: './bin/gulp.js' },
148 verbose link bins   '/media/anish/83D5-30C8/fancymonk_work/webapps/retailPanel/node_modules/.bin',
148 verbose link bins   false ]
149 verbose linkMans gulp@3.9.1
150 silly gentlyRm /media/anish/83D5-30C8/fancymonk_work/webapps/retailPanel/node_modules/.bin/gulp is being purged
151 verbose gentlyRm don't care about contents; nuking /media/anish/83D5-30C8/fancymonk_work/webapps/retailPanel/node_modules/.bin/gulp
152 silly vacuum-fs purging /media/anish/83D5-30C8/fancymonk_work/webapps/retailPanel/node_modules/.bin/gulp
153 silly vacuum-fs quitting because other entries in /media/anish/83D5-30C8/fancymonk_work/webapps/retailPanel/node_modules/.bin
154 verbose unlock done using /home/anish/.npm/_locks/staging-d03a8aa99e2668d2.lock for /media/anish/83D5-30C8/fancymonk_work/webapps/retailPanel/node_modules/.staging
155 silly rollbackFailedOptional Starting
156 silly rollbackFailedOptional Finishing
157 silly runTopLevelLifecycles Starting
158 silly runTopLevelLifecycles Finishing
159 silly install printInstalled
160 warn retailpanel@1.0.0 No repository field.
161 verbose stack Error: EPERM: operation not permitted, symlink '../gulp/bin/gulp.js' -> '/media/anish/83D5-30C8/fancymonk_work/webapps/retailPanel/node_modules/.bin/gulp'
162 verbose cwd /media/anish/83D5-30C8/fancymonk_work/webapps/retailPanel
163 error Linux 4.15.0-39-generic
164 error argv "/usr/bin/node" "/usr/bin/npm" "install"
165 error node v8.10.0
166 error npm  v3.5.2
167 error path ../gulp/bin/gulp.js
168 error code EPERM
169 error errno -1
170 error syscall symlink
171 error Error: EPERM: operation not permitted, symlink '../gulp/bin/gulp.js' -> '/media/anish/83D5-30C8/fancymonk_work/webapps/retailPanel/node_modules/.bin/gulp'
171 error  { Error: EPERM: operation not permitted, symlink '../gulp/bin/gulp.js' -> '/media/anish/83D5-30C8/fancymonk_work/webapps/retailPanel/node_modules/.bin/gulp'
171 error   errno: -1,
171 error   code: 'EPERM',
171 error   syscall: 'symlink',
171 error   path: '../gulp/bin/gulp.js',
171 error   dest: '/media/anish/83D5-30C8/fancymonk_work/webapps/retailPanel/node_modules/.bin/gulp',
171 error   parent: 'retailpanel' }
172 error Please try running this command again as root/Administrator.
173 verbose exit [ -1, true ]
